2020-08-13 10:03:17.843 [http-nio-8001-exec-5] WARN  com.kiwihouse.shiro.filter.PasswordFilter - amdin::Submitted credentials for token [PasswordToken(username=amdin, password=1223, timestamp=null, host=0:0:0:0:0:0:0:1)] did not match the expected credentials.
2020-08-13 10:03:24.467 [http-nio-8001-exec-3] WARN  com.kiwihouse.shiro.filter.PasswordFilter - amdin::Submitted credentials for token [PasswordToken(username=amdin, password=123456, timestamp=null, host=0:0:0:0:0:0:0:1)] did not match the expected credentials.
2020-08-13 10:03:32.364 [http-nio-8001-exec-2] WARN  com.kiwihouse.shiro.filter.PasswordFilter - amdin::Submitted credentials for token [PasswordToken(username=amdin, password=admin, timestamp=null, host=0:0:0:0:0:0:0:1)] did not match the expected credentials.
2020-08-13 10:07:00.602 [restartedMain] WARN  org.apache.tomcat.util.modeler.Registry - The MBean registry cannot be disabled because it has already been initialised
2020-08-13 10:16:30.417 [restartedMain] WARN  org.apache.tomcat.util.modeler.Registry - The MBean registry cannot be disabled because it has already been initialised
2020-08-13 10:16:47.050 [restartedMain] WARN  org.apache.tomcat.util.modeler.Registry - The MBean registry cannot be disabled because it has already been initialised
2020-08-13 10:24:58.645 [http-nio-8001-exec-9] WARN  com.kiwihouse.shiro.filter.PasswordFilter - admin::Submitted credentials for token [PasswordToken(username=admin, password=4B43C78EEE38C44D56AF101274CF0D42, timestamp=null, host=0:0:0:0:0:0:0:1)] did not match the expected credentials.
2020-08-13 10:25:42.581 [http-nio-8001-exec-9] WARN  com.kiwihouse.shiro.filter.PasswordFilter - admin::Submitted credentials for token [PasswordToken(username=admin, password=4B43C78EEE38C44D56AF101274CF0D42, timestamp=null, host=0:0:0:0:0:0:0:1)] did not match the expected credentials.
2020-08-13 10:26:12.813 [http-nio-8001-exec-10] WARN  com.kiwihouse.shiro.filter.PasswordFilter - admin::Submitted credentials for token [PasswordToken(username=admin, password=4B43C78EEE38C44D56AF101274CF0D42, timestamp=null, host=0:0:0:0:0:0:0:1)] did not match the expected credentials.
2020-08-13 10:26:44.981 [http-nio-8001-exec-4] WARN  com.kiwihouse.shiro.filter.PasswordFilter - xx::Submitted credentials for token [PasswordToken(username=xx, password=xx, timestamp=null, host=0:0:0:0:0:0:0:1)] did not match the expected credentials.
2020-08-13 10:26:51.100 [http-nio-8001-exec-2] WARN  com.kiwihouse.shiro.filter.PasswordFilter - admin::Submitted credentials for token [PasswordToken(username=admin, password=43D0F4C68C5FD0E52517D9A1C2B46227, timestamp=null, host=0:0:0:0:0:0:0:1)] did not match the expected credentials.
2020-08-13 10:31:26.640 [restartedMain] WARN  org.apache.tomcat.util.modeler.Registry - The MBean registry cannot be disabled because it has already been initialised
2020-08-13 10:31:30.803 [restartedMain] WARN  org.apache.tomcat.util.modeler.Registry - The MBean registry cannot be disabled because it has already been initialised
2020-08-13 10:32:29.775 [restartedMain] WARN  org.apache.tomcat.util.modeler.Registry - The MBean registry cannot be disabled because it has already been initialised
2020-08-13 10:38:17.143 [http-nio-8001-exec-4] WARN  com.kiwihouse.shiro.filter.PasswordFilter - xx::Submitted credentials for token [PasswordToken(username=xx, password=xx, timestamp=null, host=0:0:0:0:0:0:0:1)] did not match the expected credentials.
2020-08-13 10:40:28.465 [http-nio-8001-exec-8] WARN  com.kiwihouse.shiro.filter.PasswordFilter - xx::Submitted credentials for token [PasswordToken(username=xx, password=xx, timestamp=null, host=0:0:0:0:0:0:0:1)] did not match the expected credentials.
2020-08-13 10:40:43.741 [http-nio-8001-exec-10] WARN  com.kiwihouse.shiro.filter.PasswordFilter - xx::Submitted credentials for token [PasswordToken(username=xx, password=xx, timestamp=null, host=0:0:0:0:0:0:0:1)] did not match the expected credentials.
2020-08-13 10:40:53.231 [http-nio-8001-exec-7] WARN  com.kiwihouse.shiro.filter.PasswordFilter - xxx::Submitted credentials for token [PasswordToken(username=xxx, password=xx, timestamp=null, host=0:0:0:0:0:0:0:1)] did not match the expected credentials.
2020-08-13 10:46:20.891 [restartedMain] WARN  org.apache.tomcat.util.modeler.Registry - The MBean registry cannot be disabled because it has already been initialised
2020-08-13 10:48:00.957 [restartedMain] WARN  org.apache.tomcat.util.modeler.Registry - The MBean registry cannot be disabled because it has already been initialised
2020-08-13 10:48:28.776 [restartedMain] WARN  org.apache.tomcat.util.modeler.Registry - The MBean registry cannot be disabled because it has already been initialised
2020-08-13 10:50:17.300 [restartedMain] WARN  org.apache.tomcat.util.modeler.Registry - The MBean registry cannot be disabled because it has already been initialised
2020-08-13 10:50:42.679 [restartedMain] WARN  org.apache.tomcat.util.modeler.Registry - The MBean registry cannot be disabled because it has already been initialised
2020-08-13 10:51:52.553 [restartedMain] WARN  org.apache.tomcat.util.modeler.Registry - The MBean registry cannot be disabled because it has already been initialised
2020-08-13 10:51:52.695 [restartedMain] WARN  o.s.b.w.s.c.AnnotationConfigServletWebServerApplicationContext - Exception encountered during context initialization - cancelling refresh attempt: org.springframework.beans.factory.BeanCreationException: Error creating bean with name 'webMvcConfg' defined in file [F:\xx\项目\serverv2\serverv2\target\classes\com\kiwihouse\web\WebMvcConfg.class]: Instantiation of bean failed; nested exception is org.springframework.beans.BeanInstantiationException: Failed to instantiate [com.kiwihouse.web.WebMvcConfg$$EnhancerBySpringCGLIB$$a15a34b7]: Constructor threw exception; nested exception is java.lang.Error: Unresolved compilation problems: 
	WebMvcConfigurer cannot be resolved to a type
	The type WebMvcConfg is already defined
	Syntax error on token "推荐使用后面那种方式", delete this token

2020-08-13 10:51:58.958 [restartedMain] WARN  org.apache.tomcat.util.modeler.Registry - The MBean registry cannot be disabled because it has already been initialised
2020-08-13 10:51:59.118 [restartedMain] WARN  o.s.b.w.s.c.AnnotationConfigServletWebServerApplicationContext - Exception encountered during context initialization - cancelling refresh attempt: org.springframework.beans.factory.BeanCreationException: Error creating bean with name 'webMvcConfg' defined in file [F:\xx\项目\serverv2\serverv2\target\classes\com\kiwihouse\web\WebMvcConfg.class]: Instantiation of bean failed; nested exception is org.springframework.beans.BeanInstantiationException: Failed to instantiate [com.kiwihouse.web.WebMvcConfg$$EnhancerBySpringCGLIB$$a15a34b7]: Constructor threw exception; nested exception is java.lang.Error: Unresolved compilation problems: 
	The type WebMvcConfg is already defined
	Syntax error on token "推荐使用后面那种方式", delete this token

2020-08-13 10:56:53.757 [restartedMain] WARN  org.apache.tomcat.util.modeler.Registry - The MBean registry cannot be disabled because it has already been initialised
2020-08-13 10:57:34.091 [http-nio-8001-exec-9] WARN  com.kiwihouse.shiro.filter.PasswordFilter - xx::Submitted credentials for token [PasswordToken(username=xx, password=xx, timestamp=null, host=0:0:0:0:0:0:0:1)] did not match the expected credentials.
2020-08-13 11:02:30.362 [restartedMain] WARN  org.apache.tomcat.util.modeler.Registry - The MBean registry cannot be disabled because it has already been initialised
2020-08-13 11:02:51.173 [restartedMain] WARN  org.apache.tomcat.util.modeler.Registry - The MBean registry cannot be disabled because it has already been initialised
2020-08-13 11:03:58.892 [restartedMain] WARN  org.apache.tomcat.util.modeler.Registry - The MBean registry cannot be disabled because it has already been initialised
2020-08-13 11:08:05.903 [http-nio-8001-exec-5] WARN  com.kiwihouse.shiro.filter.PasswordFilter - admin::Submitted credentials for token [PasswordToken(username=admin, password=148A1E2C7285190FE0171C595D8D28FF, timestamp=null, host=0:0:0:0:0:0:0:1)] did not match the expected credentials.
2020-08-13 11:09:29.033 [http-nio-8001-exec-10] WARN  com.kiwihouse.shiro.filter.PasswordFilter - admin::Submitted credentials for token [PasswordToken(username=admin, password=1375A524F96E28F550D0064D150F4251, timestamp=null, host=0:0:0:0:0:0:0:1)] did not match the expected credentials.
2020-08-13 11:24:29.059 [restartedMain] WARN  org.apache.tomcat.util.modeler.Registry - The MBean registry cannot be disabled because it has already been initialised
2020-08-13 11:31:29.544 [restartedMain] WARN  org.apache.tomcat.util.modeler.Registry - The MBean registry cannot be disabled because it has already been initialised
2020-08-13 11:36:39.026 [restartedMain] WARN  org.apache.tomcat.util.modeler.Registry - The MBean registry cannot be disabled because it has already been initialised
2020-08-13 11:39:06.553 [restartedMain] WARN  org.apache.tomcat.util.modeler.Registry - The MBean registry cannot be disabled because it has already been initialised
2020-08-13 11:39:14.298 [restartedMain] WARN  org.apache.tomcat.util.modeler.Registry - The MBean registry cannot be disabled because it has already been initialised
2020-08-13 11:46:40.916 [restartedMain] WARN  org.apache.tomcat.util.modeler.Registry - The MBean registry cannot be disabled because it has already been initialised
2020-08-13 11:46:54.164 [http-nio-8001-exec-3] WARN  o.s.w.s.m.m.a.ExceptionHandlerExceptionResolver - Resolved [org.apache.shiro.subject.support.DisabledSessionException: Session creation has been disabled for the current subject.  This exception indicates that there is either a programming error (using a session when it should never be used) or that Shiro's configuration needs to be adjusted to allow Sessions to be created for the current Subject.  See the org.apache.shiro.subject.support.DisabledSessionException JavaDoc for more.]
2020-08-13 11:47:11.896 [http-nio-8001-exec-9] WARN  o.s.w.s.m.m.a.ExceptionHandlerExceptionResolver - Resolved [org.apache.shiro.subject.support.DisabledSessionException: Session creation has been disabled for the current subject.  This exception indicates that there is either a programming error (using a session when it should never be used) or that Shiro's configuration needs to be adjusted to allow Sessions to be created for the current Subject.  See the org.apache.shiro.subject.support.DisabledSessionException JavaDoc for more.]
2020-08-13 11:48:22.221 [http-nio-8001-exec-5] WARN  o.s.w.s.m.m.a.ExceptionHandlerExceptionResolver - Resolved [org.apache.shiro.subject.support.DisabledSessionException: Session creation has been disabled for the current subject.  This exception indicates that there is either a programming error (using a session when it should never be used) or that Shiro's configuration needs to be adjusted to allow Sessions to be created for the current Subject.  See the org.apache.shiro.subject.support.DisabledSessionException JavaDoc for more.]
2020-08-13 11:52:15.126 [restartedMain] WARN  org.apache.tomcat.util.modeler.Registry - The MBean registry cannot be disabled because it has already been initialised
2020-08-13 11:52:39.381 [restartedMain] WARN  org.apache.tomcat.util.modeler.Registry - The MBean registry cannot be disabled because it has already been initialised
2020-08-13 11:53:14.918 [restartedMain] WARN  org.apache.tomcat.util.modeler.Registry - The MBean registry cannot be disabled because it has already been initialised
2020-08-13 11:53:29.636 [restartedMain] WARN  org.apache.tomcat.util.modeler.Registry - The MBean registry cannot be disabled because it has already been initialised
2020-08-13 11:53:45.329 [restartedMain] WARN  org.apache.tomcat.util.modeler.Registry - The MBean registry cannot be disabled because it has already been initialised
2020-08-13 12:01:10.983 [restartedMain] WARN  org.apache.tomcat.util.modeler.Registry - The MBean registry cannot be disabled because it has already been initialised
2020-08-13 12:01:33.101 [restartedMain] WARN  org.apache.tomcat.util.modeler.Registry - The MBean registry cannot be disabled because it has already been initialised
2020-08-13 12:03:35.258 [restartedMain] WARN  org.apache.tomcat.util.modeler.Registry - The MBean registry cannot be disabled because it has already been initialised
2020-08-13 12:08:12.144 [restartedMain] WARN  org.apache.tomcat.util.modeler.Registry - The MBean registry cannot be disabled because it has already been initialised
2020-08-13 12:12:29.354 [restartedMain] WARN  org.apache.tomcat.util.modeler.Registry - The MBean registry cannot be disabled because it has already been initialised
2020-08-13 12:13:42.014 [restartedMain] WARN  o.s.b.d.autoconfigure.OptionalLiveReloadServer - Unable to start LiveReload server
2020-08-13 13:50:49.753 [http-nio-8001-exec-6] WARN  o.s.w.s.m.m.a.ExceptionHandlerExceptionResolver - Resolved [org.springframework.dao.QueryTimeoutException: Redis command timed out; nested exception is io.lettuce.core.RedisCommandTimeoutException: Command timed out after 10 second(s)]
2020-08-13 13:51:37.443 [restartedMain] WARN  org.apache.tomcat.util.modeler.Registry - The MBean registry cannot be disabled because it has already been initialised
2020-08-13 13:54:44.090 [restartedMain] WARN  org.apache.tomcat.util.modeler.Registry - The MBean registry cannot be disabled because it has already been initialised
2020-08-13 14:31:32.606 [restartedMain] WARN  org.apache.tomcat.util.modeler.Registry - The MBean registry cannot be disabled because it has already been initialised
2020-08-13 14:33:25.674 [restartedMain] WARN  org.apache.tomcat.util.modeler.Registry - The MBean registry cannot be disabled because it has already been initialised
2020-08-13 14:34:17.276 [restartedMain] WARN  org.apache.tomcat.util.modeler.Registry - The MBean registry cannot be disabled because it has already been initialised
2020-08-13 14:35:44.554 [restartedMain] WARN  org.apache.tomcat.util.modeler.Registry - The MBean registry cannot be disabled because it has already been initialised
2020-08-13 14:48:10.195 [restartedMain] WARN  org.apache.tomcat.util.modeler.Registry - The MBean registry cannot be disabled because it has already been initialised
2020-08-13 14:48:16.548 [http-nio-8001-exec-6] WARN  org.apache.catalina.connector.CoyoteAdapter - Exception while attempting to add an entry to the access log
java.lang.NullPointerException: null
	at org.apache.catalina.connector.CoyoteAdapter.log(CoyoteAdapter.java:490)
	at org.apache.coyote.http11.Http11Processor.service(Http11Processor.java:397)
	at org.apache.coyote.AbstractProcessorLight.process(AbstractProcessorLight.java:65)
	at org.apache.coyote.AbstractProtocol$ConnectionHandler.process(AbstractProtocol.java:860)
	at org.apache.tomcat.util.net.NioEndpoint$SocketProcessor.doRun(NioEndpoint.java:1591)
	at org.apache.tomcat.util.net.SocketProcessorBase.run(SocketProcessorBase.java:49)
	at java.util.concurrent.ThreadPoolExecutor.runWorker(ThreadPoolExecutor.java:1142)
	at java.util.concurrent.ThreadPoolExecutor$Worker.run(ThreadPoolExecutor.java:617)
	at org.apache.tomcat.util.threads.TaskThread$WrappingRunnable.run(TaskThread.java:61)
	at java.lang.Thread.run(Thread.java:745)
2020-08-13 14:55:52.444 [restartedMain] WARN  org.apache.tomcat.util.modeler.Registry - The MBean registry cannot be disabled because it has already been initialised
2020-08-13 14:56:09.505 [restartedMain] WARN  org.apache.tomcat.util.modeler.Registry - The MBean registry cannot be disabled because it has already been initialised
2020-08-13 14:57:46.965 [restartedMain] WARN  org.apache.tomcat.util.modeler.Registry - The MBean registry cannot be disabled because it has already been initialised
2020-08-13 15:04:28.570 [restartedMain] WARN  org.apache.tomcat.util.modeler.Registry - The MBean registry cannot be disabled because it has already been initialised
2020-08-13 15:04:58.319 [restartedMain] WARN  org.apache.tomcat.util.modeler.Registry - The MBean registry cannot be disabled because it has already been initialised
2020-08-13 15:05:06.266 [restartedMain] WARN  org.apache.tomcat.util.modeler.Registry - The MBean registry cannot be disabled because it has already been initialised
2020-08-13 15:05:35.112 [restartedMain] WARN  org.apache.tomcat.util.modeler.Registry - The MBean registry cannot be disabled because it has already been initialised
2020-08-13 15:05:42.678 [restartedMain] WARN  org.apache.tomcat.util.modeler.Registry - The MBean registry cannot be disabled because it has already been initialised
2020-08-13 15:06:00.617 [restartedMain] WARN  org.apache.tomcat.util.modeler.Registry - The MBean registry cannot be disabled because it has already been initialised
2020-08-13 15:06:48.141 [restartedMain] WARN  org.apache.tomcat.util.modeler.Registry - The MBean registry cannot be disabled because it has already been initialised
2020-08-13 15:07:06.180 [restartedMain] WARN  org.apache.tomcat.util.modeler.Registry - The MBean registry cannot be disabled because it has already been initialised
2020-08-13 15:07:23.656 [restartedMain] WARN  org.apache.tomcat.util.modeler.Registry - The MBean registry cannot be disabled because it has already been initialised
2020-08-13 15:07:40.784 [restartedMain] WARN  org.apache.tomcat.util.modeler.Registry - The MBean registry cannot be disabled because it has already been initialised
2020-08-13 15:07:45.317 [restartedMain] WARN  org.apache.tomcat.util.modeler.Registry - The MBean registry cannot be disabled because it has already been initialised
2020-08-13 15:08:00.451 [restartedMain] WARN  org.apache.tomcat.util.modeler.Registry - The MBean registry cannot be disabled because it has already been initialised
2020-08-13 15:14:32.452 [restartedMain] WARN  o.s.b.w.s.c.AnnotationConfigServletWebServerApplicationContext - Exception encountered during context initialization - cancelling refresh attempt: org.springframework.context.ApplicationContextException: Unable to start web server; nested exception is org.springframework.boot.web.server.WebServerException: Unable to start embedded Tomcat
2020-08-13 15:15:16.357 [restartedMain] WARN  o.s.b.w.s.c.AnnotationConfigServletWebServerApplicationContext - Exception encountered during context initialization - cancelling refresh attempt: org.springframework.context.ApplicationContextException: Unable to start web server; nested exception is org.springframework.boot.web.server.WebServerException: Unable to start embedded Tomcat
2020-08-13 15:17:59.088 [restartedMain] WARN  o.s.b.w.s.c.AnnotationConfigServletWebServerApplicationContext - Exception encountered during context initialization - cancelling refresh attempt: org.springframework.context.ApplicationContextException: Unable to start web server; nested exception is org.springframework.boot.web.server.WebServerException: Unable to start embedded Tomcat
2020-08-13 15:18:38.734 [restartedMain] WARN  o.s.b.w.s.c.AnnotationConfigServletWebServerApplicationContext - Exception encountered during context initialization - cancelling refresh attempt: org.springframework.context.ApplicationContextException: Unable to start web server; nested exception is org.springframework.boot.web.server.WebServerException: Unable to start embedded Tomcat
2020-08-13 15:21:16.184 [restartedMain] WARN  org.apache.tomcat.util.modeler.Registry - The MBean registry cannot be disabled because it has already been initialised
2020-08-13 15:22:58.388 [restartedMain] WARN  org.apache.tomcat.util.modeler.Registry - The MBean registry cannot be disabled because it has already been initialised
2020-08-13 15:23:03.677 [restartedMain] WARN  org.apache.tomcat.util.modeler.Registry - The MBean registry cannot be disabled because it has already been initialised
2020-08-13 15:23:16.749 [http-nio-8001-exec-4] WARN  com.kiwihouse.shiro.filter.PasswordFilter - admin::Submitted credentials for token [PasswordToken(username=admin, password=DAC0E50BB30421EF3448E46CA4B0D90F, timestamp=null, host=0:0:0:0:0:0:0:1)] did not match the expected credentials.
2020-08-13 15:23:18.007 [http-nio-8001-exec-8] WARN  com.kiwihouse.shiro.filter.PasswordFilter - admin::Submitted credentials for token [PasswordToken(username=admin, password=DAC0E50BB30421EF3448E46CA4B0D90F, timestamp=null, host=0:0:0:0:0:0:0:1)] did not match the expected credentials.
2020-08-13 15:25:33.763 [restartedMain] WARN  org.apache.tomcat.util.modeler.Registry - The MBean registry cannot be disabled because it has already been initialised
2020-08-13 15:25:43.229 [restartedMain] WARN  org.apache.tomcat.util.modeler.Registry - The MBean registry cannot be disabled because it has already been initialised
2020-08-13 15:27:04.584 [restartedMain] WARN  org.apache.tomcat.util.modeler.Registry - The MBean registry cannot be disabled because it has already been initialised
2020-08-13 15:27:30.382 [restartedMain] WARN  org.apache.tomcat.util.modeler.Registry - The MBean registry cannot be disabled because it has already been initialised
2020-08-13 15:56:07.411 [restartedMain] WARN  org.apache.tomcat.util.modeler.Registry - The MBean registry cannot be disabled because it has already been initialised
2020-08-13 15:56:19.210 [restartedMain] WARN  org.apache.tomcat.util.modeler.Registry - The MBean registry cannot be disabled because it has already been initialised
2020-08-13 15:56:34.721 [restartedMain] WARN  org.apache.tomcat.util.modeler.Registry - The MBean registry cannot be disabled because it has already been initialised
2020-08-13 16:01:07.941 [restartedMain] WARN  org.apache.tomcat.util.modeler.Registry - The MBean registry cannot be disabled because it has already been initialised
2020-08-13 16:06:51.749 [restartedMain] WARN  org.apache.tomcat.util.modeler.Registry - The MBean registry cannot be disabled because it has already been initialised
2020-08-13 16:07:24.851 [restartedMain] WARN  org.apache.tomcat.util.modeler.Registry - The MBean registry cannot be disabled because it has already been initialised
2020-08-13 16:09:53.354 [http-nio-8001-exec-5] WARN  com.kiwihouse.shiro.filter.PasswordFilter - xx::Submitted credentials for token [PasswordToken(username=xx, password=xx, timestamp=null, host=0:0:0:0:0:0:0:1)] did not match the expected credentials.
2020-08-13 16:26:58.649 [restartedMain] WARN  org.apache.tomcat.util.modeler.Registry - The MBean registry cannot be disabled because it has already been initialised
2020-08-13 16:29:12.631 [restartedMain] WARN  org.apache.tomcat.util.modeler.Registry - The MBean registry cannot be disabled because it has already been initialised
2020-08-13 16:49:07.551 [restartedMain] WARN  org.apache.tomcat.util.modeler.Registry - The MBean registry cannot be disabled because it has already been initialised
2020-08-13 16:50:49.456 [restartedMain] WARN  org.apache.tomcat.util.modeler.Registry - The MBean registry cannot be disabled because it has already been initialised
2020-08-13 16:50:53.702 [restartedMain] WARN  org.apache.tomcat.util.modeler.Registry - The MBean registry cannot be disabled because it has already been initialised
2020-08-13 16:52:08.800 [restartedMain] WARN  org.apache.tomcat.util.modeler.Registry - The MBean registry cannot be disabled because it has already been initialised
2020-08-13 16:52:28.595 [restartedMain] WARN  org.apache.tomcat.util.modeler.Registry - The MBean registry cannot be disabled because it has already been initialised
2020-08-13 16:52:44.433 [restartedMain] WARN  org.apache.tomcat.util.modeler.Registry - The MBean registry cannot be disabled because it has already been initialised
2020-08-13 16:53:11.205 [restartedMain] WARN  org.apache.tomcat.util.modeler.Registry - The MBean registry cannot be disabled because it has already been initialised
2020-08-13 16:56:07.393 [restartedMain] WARN  org.apache.tomcat.util.modeler.Registry - The MBean registry cannot be disabled because it has already been initialised
2020-08-13 16:56:15.845 [restartedMain] WARN  org.apache.tomcat.util.modeler.Registry - The MBean registry cannot be disabled because it has already been initialised
2020-08-13 16:57:06.347 [restartedMain] WARN  org.apache.tomcat.util.modeler.Registry - The MBean registry cannot be disabled because it has already been initialised
2020-08-13 16:57:17.538 [restartedMain] WARN  org.apache.tomcat.util.modeler.Registry - The MBean registry cannot be disabled because it has already been initialised
2020-08-13 16:57:32.988 [restartedMain] WARN  org.apache.tomcat.util.modeler.Registry - The MBean registry cannot be disabled because it has already been initialised
