2020-08-17 09:00:40.512 [restartedMain] WARN  s.d.s.w.readers.parameter.ParameterDataTypeReader - Trying to infer dataType org.springframework.ui.ModelMap
2020-08-17 09:05:46.092 [http-nio-8001-exec-9] WARN  com.kiwihouse.shiro.filter.PasswordFilter - admin::Submitted credentials for token [PasswordToken(username=admin, password=E4FB9BB433A81BC96C0D3E1689E5143D, timestamp=null, host=0:0:0:0:0:0:0:1)] did not match the expected credentials.
2020-08-17 09:06:44.504 [restartedMain] WARN  org.apache.tomcat.util.modeler.Registry - The MBean registry cannot be disabled because it has already been initialised
2020-08-17 09:06:45.354 [restartedMain] WARN  s.d.s.w.readers.parameter.ParameterDataTypeReader - Trying to infer dataType org.springframework.ui.ModelMap
2020-08-17 09:11:51.578 [http-nio-8001-exec-5] WARN  com.kiwihouse.shiro.filter.PasswordFilter - admin::Submitted credentials for token [PasswordToken(username=admin, password=4DC00258488BBF2AD3FCB50F8D928DBA, timestamp=null, host=0:0:0:0:0:0:0:1)] did not match the expected credentials.
2020-08-17 09:12:34.119 [http-nio-8001-exec-6] WARN  com.kiwihouse.shiro.filter.PasswordFilter - admin::Submitted credentials for token [PasswordToken(username=admin, password=88BFAD83CF4F242E792EBD6CD68EC79E, timestamp=null, host=0:0:0:0:0:0:0:1)] did not match the expected credentials.
2020-08-17 09:12:39.923 [http-nio-8001-exec-8] WARN  com.kiwihouse.shiro.filter.PasswordFilter - admin::Submitted credentials for token [PasswordToken(username=admin, password=88BFAD83CF4F242E792EBD6CD68EC79E, timestamp=null, host=0:0:0:0:0:0:0:1)] did not match the expected credentials.
2020-08-17 09:12:44.211 [http-nio-8001-exec-5] WARN  com.kiwihouse.shiro.filter.PasswordFilter - admin::Submitted credentials for token [PasswordToken(username=admin, password=88BFAD83CF4F242E792EBD6CD68EC79E, timestamp=null, host=0:0:0:0:0:0:0:1)] did not match the expected credentials.
2020-08-17 09:13:31.746 [http-nio-8001-exec-7] WARN  com.kiwihouse.shiro.filter.PasswordFilter - admin::Submitted credentials for token [PasswordToken(username=admin, password=BB4798DC4B0CB7871A823A6AFBE333D0, timestamp=null, host=0:0:0:0:0:0:0:1)] did not match the expected credentials.
2020-08-17 09:13:36.532 [http-nio-8001-exec-9] WARN  com.kiwihouse.shiro.filter.PasswordFilter - admin::Submitted credentials for token [PasswordToken(username=admin, password=4B43C78EEE38C44D56AF101274CF0D42, timestamp=null, host=0:0:0:0:0:0:0:1)] did not match the expected credentials.
2020-08-17 09:17:18.910 [restartedMain] WARN  org.apache.tomcat.util.modeler.Registry - The MBean registry cannot be disabled because it has already been initialised
2020-08-17 09:17:19.827 [restartedMain] WARN  s.d.s.w.readers.parameter.ParameterDataTypeReader - Trying to infer dataType org.springframework.ui.ModelMap
2020-08-17 09:17:23.311 [restartedMain] WARN  org.apache.tomcat.util.modeler.Registry - The MBean registry cannot be disabled because it has already been initialised
2020-08-17 09:17:24.111 [restartedMain] WARN  s.d.s.w.readers.parameter.ParameterDataTypeReader - Trying to infer dataType org.springframework.ui.ModelMap
2020-08-17 09:17:33.657 [restartedMain] WARN  org.apache.tomcat.util.modeler.Registry - The MBean registry cannot be disabled because it has already been initialised
2020-08-17 09:17:34.389 [restartedMain] WARN  s.d.s.w.readers.parameter.ParameterDataTypeReader - Trying to infer dataType org.springframework.ui.ModelMap
2020-08-17 09:18:02.673 [restartedMain] WARN  org.apache.tomcat.util.modeler.Registry - The MBean registry cannot be disabled because it has already been initialised
2020-08-17 09:18:03.385 [restartedMain] WARN  s.d.s.w.readers.parameter.ParameterDataTypeReader - Trying to infer dataType org.springframework.ui.ModelMap
2020-08-17 09:18:27.681 [restartedMain] WARN  org.apache.tomcat.util.modeler.Registry - The MBean registry cannot be disabled because it has already been initialised
2020-08-17 09:18:28.515 [restartedMain] WARN  s.d.s.w.readers.parameter.ParameterDataTypeReader - Trying to infer dataType org.springframework.ui.ModelMap
2020-08-17 09:19:29.016 [restartedMain] WARN  org.apache.tomcat.util.modeler.Registry - The MBean registry cannot be disabled because it has already been initialised
2020-08-17 09:19:29.749 [restartedMain] WARN  s.d.s.w.readers.parameter.ParameterDataTypeReader - Trying to infer dataType org.springframework.ui.ModelMap
2020-08-17 09:19:47.658 [restartedMain] WARN  org.apache.tomcat.util.modeler.Registry - The MBean registry cannot be disabled because it has already been initialised
2020-08-17 09:19:48.364 [restartedMain] WARN  s.d.s.w.readers.parameter.ParameterDataTypeReader - Trying to infer dataType org.springframework.ui.ModelMap
2020-08-17 09:20:00.410 [restartedMain] WARN  org.apache.tomcat.util.modeler.Registry - The MBean registry cannot be disabled because it has already been initialised
2020-08-17 09:20:01.149 [restartedMain] WARN  s.d.s.w.readers.parameter.ParameterDataTypeReader - Trying to infer dataType org.springframework.ui.ModelMap
2020-08-17 09:20:40.647 [restartedMain] WARN  s.d.s.w.readers.parameter.ParameterDataTypeReader - Trying to infer dataType org.springframework.ui.ModelMap
2020-08-17 09:25:43.663 [restartedMain] WARN  org.apache.tomcat.util.modeler.Registry - The MBean registry cannot be disabled because it has already been initialised
2020-08-17 09:25:44.432 [restartedMain] WARN  s.d.s.w.readers.parameter.ParameterDataTypeReader - Trying to infer dataType org.springframework.ui.ModelMap
2020-08-17 09:25:55.184 [restartedMain] WARN  org.apache.tomcat.util.modeler.Registry - The MBean registry cannot be disabled because it has already been initialised
2020-08-17 09:25:55.970 [restartedMain] WARN  s.d.s.w.readers.parameter.ParameterDataTypeReader - Trying to infer dataType org.springframework.ui.ModelMap
2020-08-17 09:28:19.948 [restartedMain] WARN  org.apache.tomcat.util.modeler.Registry - The MBean registry cannot be disabled because it has already been initialised
2020-08-17 09:28:20.699 [restartedMain] WARN  s.d.s.w.readers.parameter.ParameterDataTypeReader - Trying to infer dataType org.springframework.ui.ModelMap
2020-08-17 09:28:57.462 [restartedMain] WARN  s.d.s.w.readers.parameter.ParameterDataTypeReader - Trying to infer dataType org.springframework.ui.ModelMap
2020-08-17 09:30:14.782 [restartedMain] WARN  org.apache.tomcat.util.modeler.Registry - The MBean registry cannot be disabled because it has already been initialised
2020-08-17 09:30:15.560 [restartedMain] WARN  s.d.s.w.readers.parameter.ParameterDataTypeReader - Trying to infer dataType org.springframework.ui.ModelMap
2020-08-17 09:32:49.648 [restartedMain] WARN  org.apache.tomcat.util.modeler.Registry - The MBean registry cannot be disabled because it has already been initialised
2020-08-17 09:32:50.394 [restartedMain] WARN  s.d.s.w.readers.parameter.ParameterDataTypeReader - Trying to infer dataType org.springframework.ui.ModelMap
2020-08-17 09:35:55.728 [restartedMain] WARN  org.apache.tomcat.util.modeler.Registry - The MBean registry cannot be disabled because it has already been initialised
2020-08-17 09:35:56.485 [restartedMain] WARN  s.d.s.w.readers.parameter.ParameterDataTypeReader - Trying to infer dataType org.springframework.ui.ModelMap
2020-08-17 09:36:24.636 [restartedMain] WARN  org.apache.tomcat.util.modeler.Registry - The MBean registry cannot be disabled because it has already been initialised
2020-08-17 09:36:25.440 [restartedMain] WARN  s.d.s.w.readers.parameter.ParameterDataTypeReader - Trying to infer dataType org.springframework.ui.ModelMap
2020-08-17 09:36:29.816 [restartedMain] WARN  org.apache.tomcat.util.modeler.Registry - The MBean registry cannot be disabled because it has already been initialised
2020-08-17 09:36:30.528 [restartedMain] WARN  s.d.s.w.readers.parameter.ParameterDataTypeReader - Trying to infer dataType org.springframework.ui.ModelMap
2020-08-17 09:39:12.937 [restartedMain] WARN  org.apache.tomcat.util.modeler.Registry - The MBean registry cannot be disabled because it has already been initialised
2020-08-17 09:39:13.695 [restartedMain] WARN  s.d.s.w.readers.parameter.ParameterDataTypeReader - Trying to infer dataType org.springframework.ui.ModelMap
2020-08-17 09:39:32.631 [restartedMain] WARN  org.apache.tomcat.util.modeler.Registry - The MBean registry cannot be disabled because it has already been initialised
2020-08-17 09:39:33.382 [restartedMain] WARN  s.d.s.w.readers.parameter.ParameterDataTypeReader - Trying to infer dataType org.springframework.ui.ModelMap
2020-08-17 09:39:45.330 [restartedMain] WARN  s.d.s.w.readers.parameter.ParameterDataTypeReader - Trying to infer dataType org.springframework.ui.ModelMap
2020-08-17 09:42:13.142 [restartedMain] WARN  org.apache.tomcat.util.modeler.Registry - The MBean registry cannot be disabled because it has already been initialised
2020-08-17 09:42:13.922 [restartedMain] WARN  s.d.s.w.readers.parameter.ParameterDataTypeReader - Trying to infer dataType org.springframework.ui.ModelMap
2020-08-17 09:45:54.458 [restartedMain] WARN  org.apache.tomcat.util.modeler.Registry - The MBean registry cannot be disabled because it has already been initialised
2020-08-17 09:45:55.235 [restartedMain] WARN  s.d.s.w.readers.parameter.ParameterDataTypeReader - Trying to infer dataType org.springframework.ui.ModelMap
2020-08-17 09:46:33.023 [restartedMain] WARN  org.apache.tomcat.util.modeler.Registry - The MBean registry cannot be disabled because it has already been initialised
2020-08-17 09:46:33.751 [restartedMain] WARN  s.d.s.w.readers.parameter.ParameterDataTypeReader - Trying to infer dataType org.springframework.ui.ModelMap
2020-08-17 09:46:55.707 [restartedMain] WARN  org.apache.tomcat.util.modeler.Registry - The MBean registry cannot be disabled because it has already been initialised
2020-08-17 09:46:56.440 [restartedMain] WARN  s.d.s.w.readers.parameter.ParameterDataTypeReader - Trying to infer dataType org.springframework.ui.ModelMap
2020-08-17 09:47:16.391 [restartedMain] WARN  org.apache.tomcat.util.modeler.Registry - The MBean registry cannot be disabled because it has already been initialised
2020-08-17 09:47:17.113 [restartedMain] WARN  s.d.s.w.readers.parameter.ParameterDataTypeReader - Trying to infer dataType org.springframework.ui.ModelMap
2020-08-17 09:49:49.713 [restartedMain] WARN  org.apache.tomcat.util.modeler.Registry - The MBean registry cannot be disabled because it has already been initialised
2020-08-17 09:49:50.427 [restartedMain] WARN  s.d.s.w.readers.parameter.ParameterDataTypeReader - Trying to infer dataType org.springframework.ui.ModelMap
2020-08-17 09:49:57.931 [restartedMain] WARN  org.apache.tomcat.util.modeler.Registry - The MBean registry cannot be disabled because it has already been initialised
2020-08-17 09:49:58.657 [restartedMain] WARN  s.d.s.w.readers.parameter.ParameterDataTypeReader - Trying to infer dataType org.springframework.ui.ModelMap
2020-08-17 09:50:52.045 [restartedMain] WARN  org.apache.tomcat.util.modeler.Registry - The MBean registry cannot be disabled because it has already been initialised
2020-08-17 09:50:52.754 [restartedMain] WARN  s.d.s.w.readers.parameter.ParameterDataTypeReader - Trying to infer dataType org.springframework.ui.ModelMap
2020-08-17 09:51:09.775 [restartedMain] WARN  org.apache.tomcat.util.modeler.Registry - The MBean registry cannot be disabled because it has already been initialised
2020-08-17 09:51:10.501 [restartedMain] WARN  s.d.s.w.readers.parameter.ParameterDataTypeReader - Trying to infer dataType org.springframework.ui.ModelMap
2020-08-17 09:51:19.116 [restartedMain] WARN  org.apache.tomcat.util.modeler.Registry - The MBean registry cannot be disabled because it has already been initialised
2020-08-17 09:51:19.861 [restartedMain] WARN  s.d.s.w.readers.parameter.ParameterDataTypeReader - Trying to infer dataType org.springframework.ui.ModelMap
2020-08-17 09:52:10.895 [restartedMain] WARN  org.apache.tomcat.util.modeler.Registry - The MBean registry cannot be disabled because it has already been initialised
2020-08-17 09:52:11.612 [restartedMain] WARN  s.d.s.w.readers.parameter.ParameterDataTypeReader - Trying to infer dataType org.springframework.ui.ModelMap
2020-08-17 09:52:28.518 [restartedMain] WARN  org.apache.tomcat.util.modeler.Registry - The MBean registry cannot be disabled because it has already been initialised
2020-08-17 09:52:29.205 [restartedMain] WARN  s.d.s.w.readers.parameter.ParameterDataTypeReader - Trying to infer dataType org.springframework.ui.ModelMap
2020-08-17 09:52:33.646 [restartedMain] WARN  org.apache.tomcat.util.modeler.Registry - The MBean registry cannot be disabled because it has already been initialised
2020-08-17 09:52:34.397 [restartedMain] WARN  s.d.s.w.readers.parameter.ParameterDataTypeReader - Trying to infer dataType org.springframework.ui.ModelMap
2020-08-17 09:52:47.293 [restartedMain] WARN  org.apache.tomcat.util.modeler.Registry - The MBean registry cannot be disabled because it has already been initialised
2020-08-17 09:52:48.014 [restartedMain] WARN  s.d.s.w.readers.parameter.ParameterDataTypeReader - Trying to infer dataType org.springframework.ui.ModelMap
2020-08-17 09:53:07.112 [restartedMain] WARN  org.apache.tomcat.util.modeler.Registry - The MBean registry cannot be disabled because it has already been initialised
2020-08-17 09:53:07.867 [restartedMain] WARN  s.d.s.w.readers.parameter.ParameterDataTypeReader - Trying to infer dataType org.springframework.ui.ModelMap
2020-08-17 09:54:15.981 [restartedMain] WARN  org.apache.tomcat.util.modeler.Registry - The MBean registry cannot be disabled because it has already been initialised
2020-08-17 09:54:16.704 [restartedMain] WARN  s.d.s.w.readers.parameter.ParameterDataTypeReader - Trying to infer dataType org.springframework.ui.ModelMap
2020-08-17 09:57:20.301 [restartedMain] WARN  org.apache.tomcat.util.modeler.Registry - The MBean registry cannot be disabled because it has already been initialised
2020-08-17 09:57:21.028 [restartedMain] WARN  s.d.s.w.readers.parameter.ParameterDataTypeReader - Trying to infer dataType org.springframework.ui.ModelMap
2020-08-17 10:01:56.367 [restartedMain] WARN  org.apache.tomcat.util.modeler.Registry - The MBean registry cannot be disabled because it has already been initialised
2020-08-17 10:01:57.087 [restartedMain] WARN  s.d.s.w.readers.parameter.ParameterDataTypeReader - Trying to infer dataType org.springframework.ui.ModelMap
2020-08-17 10:03:37.388 [restartedMain] WARN  org.apache.tomcat.util.modeler.Registry - The MBean registry cannot be disabled because it has already been initialised
2020-08-17 10:03:38.125 [restartedMain] WARN  s.d.s.w.readers.parameter.ParameterDataTypeReader - Trying to infer dataType org.springframework.ui.ModelMap
2020-08-17 10:03:43.784 [http-nio-8001-exec-1] WARN  o.s.w.s.m.m.a.ExceptionHandlerExceptionResolver - Resolved [com.alibaba.fastjson.JSONException: syntax error, pos 1]
2020-08-17 10:04:36.587 [restartedMain] WARN  org.apache.tomcat.util.modeler.Registry - The MBean registry cannot be disabled because it has already been initialised
2020-08-17 10:04:37.292 [restartedMain] WARN  s.d.s.w.readers.parameter.ParameterDataTypeReader - Trying to infer dataType org.springframework.ui.ModelMap
2020-08-17 10:16:55.619 [restartedMain] WARN  org.apache.tomcat.util.modeler.Registry - The MBean registry cannot be disabled because it has already been initialised
2020-08-17 10:16:56.343 [restartedMain] WARN  s.d.s.w.readers.parameter.ParameterDataTypeReader - Trying to infer dataType org.springframework.ui.ModelMap
2020-08-17 11:54:17.050 [restartedMain] WARN  org.apache.tomcat.util.modeler.Registry - The MBean registry cannot be disabled because it has already been initialised
2020-08-17 11:54:17.862 [restartedMain] WARN  s.d.s.w.readers.parameter.ParameterDataTypeReader - Trying to infer dataType org.springframework.ui.ModelMap
2020-08-17 12:04:03.162 [restartedMain] WARN  org.apache.tomcat.util.modeler.Registry - The MBean registry cannot be disabled because it has already been initialised
2020-08-17 12:04:03.996 [restartedMain] WARN  s.d.s.w.readers.parameter.ParameterDataTypeReader - Trying to infer dataType org.springframework.ui.ModelMap
2020-08-17 12:57:33.951 [restartedMain] WARN  org.apache.tomcat.util.modeler.Registry - The MBean registry cannot be disabled because it has already been initialised
2020-08-17 12:57:34.755 [restartedMain] WARN  s.d.s.w.readers.parameter.ParameterDataTypeReader - Trying to infer dataType org.springframework.ui.ModelMap
2020-08-17 13:52:25.588 [restartedMain] WARN  org.apache.tomcat.util.modeler.Registry - The MBean registry cannot be disabled because it has already been initialised
2020-08-17 13:52:26.440 [restartedMain] WARN  s.d.s.w.readers.parameter.ParameterDataTypeReader - Trying to infer dataType org.springframework.ui.ModelMap
2020-08-17 13:52:27.031 [http-nio-8001-exec-8] WARN  o.s.w.s.m.support.DefaultHandlerExceptionResolver - Resolved [org.springframework.web.HttpRequestMethodNotSupportedException: Request method 'GET' not supported]
2020-08-17 13:54:35.035 [http-nio-8001-exec-7] WARN  o.s.w.s.m.support.DefaultHandlerExceptionResolver - Resolved [org.springframework.web.HttpRequestMethodNotSupportedException: Request method 'GET' not supported]
2020-08-17 13:54:58.772 [http-nio-8001-exec-2] WARN  o.s.w.s.m.support.DefaultHandlerExceptionResolver - Resolved [org.springframework.web.HttpRequestMethodNotSupportedException: Request method 'GET' not supported]
2020-08-17 13:57:30.847 [http-nio-8001-exec-3] WARN  o.s.w.s.m.support.DefaultHandlerExceptionResolver - Resolved [org.springframework.web.HttpRequestMethodNotSupportedException: Request method 'GET' not supported]
2020-08-17 13:57:48.463 [http-nio-8001-exec-5] WARN  o.s.w.s.m.support.DefaultHandlerExceptionResolver - Resolved [org.springframework.web.HttpRequestMethodNotSupportedException: Request method 'GET' not supported]
2020-08-17 13:58:30.567 [http-nio-8001-exec-7] WARN  o.s.w.s.m.support.DefaultHandlerExceptionResolver - Resolved [org.springframework.web.HttpRequestMethodNotSupportedException: Request method 'GET' not supported]
2020-08-17 14:12:10.558 [http-nio-8001-exec-7] WARN  o.s.w.s.m.support.DefaultHandlerExceptionResolver - Resolved [org.springframework.web.HttpRequestMethodNotSupportedException: Request method 'GET' not supported]
2020-08-17 14:24:05.951 [restartedMain] WARN  s.d.s.w.readers.parameter.ParameterDataTypeReader - Trying to infer dataType org.springframework.ui.ModelMap
2020-08-17 14:29:10.732 [restartedMain] WARN  s.d.s.w.readers.parameter.ParameterDataTypeReader - Trying to infer dataType org.springframework.ui.ModelMap
2020-08-17 14:37:59.109 [restartedMain] WARN  org.apache.tomcat.util.modeler.Registry - The MBean registry cannot be disabled because it has already been initialised
2020-08-17 14:37:59.899 [restartedMain] WARN  s.d.s.w.readers.parameter.ParameterDataTypeReader - Trying to infer dataType org.springframework.ui.ModelMap
2020-08-17 14:39:08.671 [restartedMain] WARN  org.apache.tomcat.util.modeler.Registry - The MBean registry cannot be disabled because it has already been initialised
2020-08-17 14:39:09.517 [restartedMain] WARN  s.d.s.w.readers.parameter.ParameterDataTypeReader - Trying to infer dataType org.springframework.ui.ModelMap
2020-08-17 14:41:04.726 [restartedMain] WARN  org.apache.tomcat.util.modeler.Registry - The MBean registry cannot be disabled because it has already been initialised
2020-08-17 14:41:05.504 [restartedMain] WARN  s.d.s.w.readers.parameter.ParameterDataTypeReader - Trying to infer dataType org.springframework.ui.ModelMap
2020-08-17 14:50:29.818 [restartedMain] WARN  org.apache.tomcat.util.modeler.Registry - The MBean registry cannot be disabled because it has already been initialised
2020-08-17 14:50:30.733 [restartedMain] WARN  s.d.s.w.readers.parameter.ParameterDataTypeReader - Trying to infer dataType org.springframework.ui.ModelMap
2020-08-17 14:51:05.245 [restartedMain] WARN  org.apache.tomcat.util.modeler.Registry - The MBean registry cannot be disabled because it has already been initialised
2020-08-17 14:51:06.128 [restartedMain] WARN  s.d.s.w.readers.parameter.ParameterDataTypeReader - Trying to infer dataType org.springframework.ui.ModelMap
2020-08-17 14:51:33.854 [restartedMain] WARN  org.apache.tomcat.util.modeler.Registry - The MBean registry cannot be disabled because it has already been initialised
2020-08-17 14:51:35.108 [restartedMain] WARN  s.d.s.w.readers.parameter.ParameterDataTypeReader - Trying to infer dataType org.springframework.ui.ModelMap
2020-08-17 14:59:37.070 [restartedMain] WARN  org.apache.tomcat.util.modeler.Registry - The MBean registry cannot be disabled because it has already been initialised
2020-08-17 14:59:37.852 [restartedMain] WARN  s.d.s.w.readers.parameter.ParameterDataTypeReader - Trying to infer dataType org.springframework.ui.ModelMap
2020-08-17 15:01:06.931 [restartedMain] WARN  org.apache.tomcat.util.modeler.Registry - The MBean registry cannot be disabled because it has already been initialised
2020-08-17 15:01:07.686 [restartedMain] WARN  s.d.s.w.readers.parameter.ParameterDataTypeReader - Trying to infer dataType org.springframework.ui.ModelMap
2020-08-17 15:01:47.463 [restartedMain] WARN  org.apache.tomcat.util.modeler.Registry - The MBean registry cannot be disabled because it has already been initialised
2020-08-17 15:01:48.249 [restartedMain] WARN  s.d.s.w.readers.parameter.ParameterDataTypeReader - Trying to infer dataType org.springframework.ui.ModelMap
2020-08-17 15:02:46.886 [restartedMain] WARN  org.apache.tomcat.util.modeler.Registry - The MBean registry cannot be disabled because it has already been initialised
2020-08-17 15:02:47.613 [restartedMain] WARN  s.d.s.w.readers.parameter.ParameterDataTypeReader - Trying to infer dataType org.springframework.ui.ModelMap
2020-08-17 15:03:41.028 [restartedMain] WARN  org.apache.tomcat.util.modeler.Registry - The MBean registry cannot be disabled because it has already been initialised
2020-08-17 15:03:41.790 [restartedMain] WARN  s.d.s.w.readers.parameter.ParameterDataTypeReader - Trying to infer dataType org.springframework.ui.ModelMap
2020-08-17 15:04:52.776 [restartedMain] WARN  org.apache.tomcat.util.modeler.Registry - The MBean registry cannot be disabled because it has already been initialised
2020-08-17 15:04:53.569 [restartedMain] WARN  s.d.s.w.readers.parameter.ParameterDataTypeReader - Trying to infer dataType org.springframework.ui.ModelMap
2020-08-17 15:05:41.780 [restartedMain] WARN  org.apache.tomcat.util.modeler.Registry - The MBean registry cannot be disabled because it has already been initialised
2020-08-17 15:05:42.542 [restartedMain] WARN  s.d.s.w.readers.parameter.ParameterDataTypeReader - Trying to infer dataType org.springframework.ui.ModelMap
2020-08-17 15:07:07.131 [restartedMain] WARN  org.apache.tomcat.util.modeler.Registry - The MBean registry cannot be disabled because it has already been initialised
2020-08-17 15:07:07.883 [restartedMain] WARN  s.d.s.w.readers.parameter.ParameterDataTypeReader - Trying to infer dataType org.springframework.ui.ModelMap
2020-08-17 15:07:21.932 [restartedMain] WARN  org.apache.tomcat.util.modeler.Registry - The MBean registry cannot be disabled because it has already been initialised
2020-08-17 15:07:22.756 [restartedMain] WARN  s.d.s.w.readers.parameter.ParameterDataTypeReader - Trying to infer dataType org.springframework.ui.ModelMap
2020-08-17 15:07:39.803 [restartedMain] WARN  org.apache.tomcat.util.modeler.Registry - The MBean registry cannot be disabled because it has already been initialised
2020-08-17 15:07:40.582 [restartedMain] WARN  s.d.s.w.readers.parameter.ParameterDataTypeReader - Trying to infer dataType org.springframework.ui.ModelMap
2020-08-17 15:08:48.480 [restartedMain] WARN  org.apache.tomcat.util.modeler.Registry - The MBean registry cannot be disabled because it has already been initialised
2020-08-17 15:08:49.220 [restartedMain] WARN  s.d.s.w.readers.parameter.ParameterDataTypeReader - Trying to infer dataType org.springframework.ui.ModelMap
2020-08-17 15:08:55.962 [restartedMain] WARN  org.apache.tomcat.util.modeler.Registry - The MBean registry cannot be disabled because it has already been initialised
2020-08-17 15:08:56.726 [restartedMain] WARN  s.d.s.w.readers.parameter.ParameterDataTypeReader - Trying to infer dataType org.springframework.ui.ModelMap
2020-08-17 15:12:51.721 [restartedMain] WARN  org.apache.tomcat.util.modeler.Registry - The MBean registry cannot be disabled because it has already been initialised
2020-08-17 15:12:52.444 [restartedMain] WARN  s.d.s.w.readers.parameter.ParameterDataTypeReader - Trying to infer dataType org.springframework.ui.ModelMap
2020-08-17 15:14:39.914 [restartedMain] WARN  org.apache.tomcat.util.modeler.Registry - The MBean registry cannot be disabled because it has already been initialised
2020-08-17 15:14:40.723 [restartedMain] WARN  s.d.s.w.readers.parameter.ParameterDataTypeReader - Trying to infer dataType org.springframework.ui.ModelMap
2020-08-17 16:03:53.198 [restartedMain] WARN  org.apache.tomcat.util.modeler.Registry - The MBean registry cannot be disabled because it has already been initialised
2020-08-17 16:03:54.001 [restartedMain] WARN  s.d.s.w.readers.parameter.ParameterDataTypeReader - Trying to infer dataType org.springframework.ui.ModelMap
2020-08-17 16:04:44.827 [restartedMain] WARN  org.apache.tomcat.util.modeler.Registry - The MBean registry cannot be disabled because it has already been initialised
2020-08-17 16:04:45.576 [restartedMain] WARN  s.d.s.w.readers.parameter.ParameterDataTypeReader - Trying to infer dataType org.springframework.ui.ModelMap
2020-08-17 16:05:46.650 [restartedMain] WARN  org.apache.tomcat.util.modeler.Registry - The MBean registry cannot be disabled because it has already been initialised
2020-08-17 16:05:47.384 [restartedMain] WARN  s.d.s.w.readers.parameter.ParameterDataTypeReader - Trying to infer dataType org.springframework.ui.ModelMap
2020-08-17 16:26:28.660 [restartedMain] WARN  org.apache.tomcat.util.modeler.Registry - The MBean registry cannot be disabled because it has already been initialised
2020-08-17 16:26:28.781 [restartedMain] WARN  o.s.b.w.s.c.AnnotationConfigServletWebServerApplicationContext - Exception encountered during context initialization - cancelling refresh attempt: org.springframework.beans.factory.BeanCreationException: Error creating bean with name 'sysMenuController' defined in file [F:\xx\项目\serverv2\serverv2\target\classes\com\kiwihouse\controller\menu\SysMenuController.class]: Instantiation of bean failed; nested exception is org.springframework.beans.BeanInstantiationException: Failed to instantiate [com.kiwihouse.controller.menu.SysMenuController]: Constructor threw exception; nested exception is java.lang.Error: Unresolved compilation problem: 
	Local variable sm defined in an enclosing scope must be final or effectively final

2020-08-17 16:27:24.445 [restartedMain] WARN  org.apache.tomcat.util.modeler.Registry - The MBean registry cannot be disabled because it has already been initialised
2020-08-17 16:27:25.177 [restartedMain] WARN  s.d.s.w.readers.parameter.ParameterDataTypeReader - Trying to infer dataType org.springframework.ui.ModelMap
2020-08-17 16:28:15.033 [restartedMain] WARN  org.apache.tomcat.util.modeler.Registry - The MBean registry cannot be disabled because it has already been initialised
2020-08-17 16:28:15.831 [restartedMain] WARN  s.d.s.w.readers.parameter.ParameterDataTypeReader - Trying to infer dataType org.springframework.ui.ModelMap
2020-08-17 16:29:46.812 [restartedMain] WARN  org.apache.tomcat.util.modeler.Registry - The MBean registry cannot be disabled because it has already been initialised
2020-08-17 16:29:47.645 [restartedMain] WARN  s.d.s.w.readers.parameter.ParameterDataTypeReader - Trying to infer dataType org.springframework.ui.ModelMap
2020-08-17 16:47:41.806 [restartedMain] WARN  org.apache.tomcat.util.modeler.Registry - The MBean registry cannot be disabled because it has already been initialised
2020-08-17 16:47:42.626 [restartedMain] WARN  s.d.s.w.readers.parameter.ParameterDataTypeReader - Trying to infer dataType org.springframework.ui.ModelMap
2020-08-17 16:49:03.855 [restartedMain] WARN  org.apache.tomcat.util.modeler.Registry - The MBean registry cannot be disabled because it has already been initialised
2020-08-17 16:49:04.689 [restartedMain] WARN  s.d.s.w.readers.parameter.ParameterDataTypeReader - Trying to infer dataType org.springframework.ui.ModelMap
2020-08-17 16:49:31.037 [restartedMain] WARN  org.apache.tomcat.util.modeler.Registry - The MBean registry cannot be disabled because it has already been initialised
2020-08-17 16:49:31.879 [restartedMain] WARN  s.d.s.w.readers.parameter.ParameterDataTypeReader - Trying to infer dataType org.springframework.ui.ModelMap
2020-08-17 16:50:56.261 [restartedMain] WARN  org.apache.tomcat.util.modeler.Registry - The MBean registry cannot be disabled because it has already been initialised
2020-08-17 16:50:57.100 [restartedMain] WARN  s.d.s.w.readers.parameter.ParameterDataTypeReader - Trying to infer dataType org.springframework.ui.ModelMap
2020-08-17 16:51:09.836 [restartedMain] WARN  org.apache.tomcat.util.modeler.Registry - The MBean registry cannot be disabled because it has already been initialised
2020-08-17 16:51:10.676 [restartedMain] WARN  s.d.s.w.readers.parameter.ParameterDataTypeReader - Trying to infer dataType org.springframework.ui.ModelMap
2020-08-17 16:51:15.223 [restartedMain] WARN  org.apache.tomcat.util.modeler.Registry - The MBean registry cannot be disabled because it has already been initialised
2020-08-17 16:51:16.064 [restartedMain] WARN  s.d.s.w.readers.parameter.ParameterDataTypeReader - Trying to infer dataType org.springframework.ui.ModelMap
2020-08-17 16:52:57.097 [restartedMain] WARN  org.apache.tomcat.util.modeler.Registry - The MBean registry cannot be disabled because it has already been initialised
2020-08-17 16:52:58.020 [restartedMain] WARN  s.d.s.w.readers.parameter.ParameterDataTypeReader - Trying to infer dataType org.springframework.ui.ModelMap
2020-08-17 16:53:05.630 [restartedMain] WARN  org.apache.tomcat.util.modeler.Registry - The MBean registry cannot be disabled because it has already been initialised
2020-08-17 16:53:06.451 [restartedMain] WARN  s.d.s.w.readers.parameter.ParameterDataTypeReader - Trying to infer dataType org.springframework.ui.ModelMap
2020-08-17 17:01:02.100 [restartedMain] WARN  o.s.b.w.s.c.AnnotationConfigServletWebServerApplicationContext - Exception encountered during context initialization - cancelling refresh attempt: org.springframework.beans.factory.BeanCreationException: Error creating bean with name 'objectMapperConfigurer' defined in class path resource [springfox/documentation/spring/web/SpringfoxWebMvcConfiguration.class]: BeanPostProcessor before instantiation of bean failed; nested exception is org.springframework.beans.factory.UnsatisfiedDependencyException: Error creating bean with name 'authorizationAttributeSourceAdvisor' defined in class path resource [org/apache/shiro/spring/boot/autoconfigure/ShiroAnnotationProcessorAutoConfiguration.class]: Unsatisfied dependency expressed through method 'authorizationAttributeSourceAdvisor' parameter 0; nested exception is org.springframework.beans.factory.UnsatisfiedDependencyException: Error creating bean with name 'shiroConfig': Unsatisfied dependency expressed through field 'accountProvider'; nested exception is org.springframework.beans.factory.UnsatisfiedDependencyException: Error creating bean with name 'AccountProvider': Unsatisfied dependency expressed through field 'accountService'; nested exception is org.springframework.beans.factory.UnsatisfiedDependencyException: Error creating bean with name 'AccountService': Unsatisfied dependency expressed through field 'userMapper'; nested exception is org.springframework.beans.factory.UnsatisfiedDependencyException: Error creating bean with name 'authUserMapper' defined in file [F:\xx\项目\serverv2\serverv2\target\classes\com\kiwihouse\dao\mapper\AuthUserMapper.class]: Unsatisfied dependency expressed through bean property 'sqlSessionFactory'; nested exception is org.springframework.beans.factory.BeanCreationException: Error creating bean with name 'SqlSessionFactory' defined in class path resource [com/kiwihouse/config/database/DataSourceConfig.class]: Bean instantiation via factory method failed; nested exception is org.springframework.beans.BeanInstantiationException: Failed to instantiate [org.apache.ibatis.session.SqlSessionFactory]: Factory method 'SqlSessionFactory' threw exception; nested exception is org.springframework.core.NestedIOException: Failed to parse mapping resource: 'file [F:\xx\项目\serverv2\serverv2\target\classes\mapper\SysDictionaryMapper.xml]'; nested exception is org.apache.ibatis.builder.BuilderException: Error parsing Mapper XML. The XML location is 'file [F:\xx\项目\serverv2\serverv2\target\classes\mapper\SysDictionaryMapper.xml]'. Cause: org.apache.ibatis.builder.BuilderException: Error resolving class. Cause: org.apache.ibatis.type.TypeException: Could not resolve type alias 'com.example.demo.domain.SysDictionary'.  Cause: java.lang.ClassNotFoundException: Cannot find class: com.example.demo.domain.SysDictionary
2020-08-17 17:01:31.212 [restartedMain] WARN  o.s.b.w.s.c.AnnotationConfigServletWebServerApplicationContext - Exception encountered during context initialization - cancelling refresh attempt: org.springframework.beans.factory.BeanCreationException: Error creating bean with name 'objectMapperConfigurer' defined in class path resource [springfox/documentation/spring/web/SpringfoxWebMvcConfiguration.class]: BeanPostProcessor before instantiation of bean failed; nested exception is org.springframework.beans.factory.UnsatisfiedDependencyException: Error creating bean with name 'authorizationAttributeSourceAdvisor' defined in class path resource [org/apache/shiro/spring/boot/autoconfigure/ShiroAnnotationProcessorAutoConfiguration.class]: Unsatisfied dependency expressed through method 'authorizationAttributeSourceAdvisor' parameter 0; nested exception is org.springframework.beans.factory.UnsatisfiedDependencyException: Error creating bean with name 'shiroConfig': Unsatisfied dependency expressed through field 'accountProvider'; nested exception is org.springframework.beans.factory.UnsatisfiedDependencyException: Error creating bean with name 'AccountProvider': Unsatisfied dependency expressed through field 'accountService'; nested exception is org.springframework.beans.factory.UnsatisfiedDependencyException: Error creating bean with name 'AccountService': Unsatisfied dependency expressed through field 'userMapper'; nested exception is org.springframework.beans.factory.UnsatisfiedDependencyException: Error creating bean with name 'authUserMapper' defined in file [F:\xx\项目\serverv2\serverv2\target\classes\com\kiwihouse\dao\mapper\AuthUserMapper.class]: Unsatisfied dependency expressed through bean property 'sqlSessionFactory'; nested exception is org.springframework.beans.factory.BeanCreationException: Error creating bean with name 'SqlSessionFactory' defined in class path resource [com/kiwihouse/config/database/DataSourceConfig.class]: Bean instantiation via factory method failed; nested exception is org.springframework.beans.BeanInstantiationException: Failed to instantiate [org.apache.ibatis.session.SqlSessionFactory]: Factory method 'SqlSessionFactory' threw exception; nested exception is org.springframework.core.NestedIOException: Failed to parse mapping resource: 'file [F:\xx\项目\serverv2\serverv2\target\classes\mapper\SysDictionaryMapper.xml]'; nested exception is org.apache.ibatis.builder.BuilderException: Error parsing Mapper XML. The XML location is 'file [F:\xx\项目\serverv2\serverv2\target\classes\mapper\SysDictionaryMapper.xml]'. Cause: org.apache.ibatis.builder.BuilderException: Error resolving class. Cause: org.apache.ibatis.type.TypeException: Could not resolve type alias 'com.example.demo.domain.SysDictionary'.  Cause: java.lang.ClassNotFoundException: Cannot find class: com.example.demo.domain.SysDictionary
2020-08-17 17:01:51.870 [restartedMain] WARN  o.s.b.w.s.c.AnnotationConfigServletWebServerApplicationContext - Exception encountered during context initialization - cancelling refresh attempt: org.springframework.beans.factory.BeanCreationException: Error creating bean with name 'objectMapperConfigurer' defined in class path resource [springfox/documentation/spring/web/SpringfoxWebMvcConfiguration.class]: BeanPostProcessor before instantiation of bean failed; nested exception is org.springframework.beans.factory.UnsatisfiedDependencyException: Error creating bean with name 'authorizationAttributeSourceAdvisor' defined in class path resource [org/apache/shiro/spring/boot/autoconfigure/ShiroAnnotationProcessorAutoConfiguration.class]: Unsatisfied dependency expressed through method 'authorizationAttributeSourceAdvisor' parameter 0; nested exception is org.springframework.beans.factory.UnsatisfiedDependencyException: Error creating bean with name 'shiroConfig': Unsatisfied dependency expressed through field 'accountProvider'; nested exception is org.springframework.beans.factory.UnsatisfiedDependencyException: Error creating bean with name 'AccountProvider': Unsatisfied dependency expressed through field 'accountService'; nested exception is org.springframework.beans.factory.UnsatisfiedDependencyException: Error creating bean with name 'AccountService': Unsatisfied dependency expressed through field 'userMapper'; nested exception is org.springframework.beans.factory.UnsatisfiedDependencyException: Error creating bean with name 'authUserMapper' defined in file [F:\xx\项目\serverv2\serverv2\target\classes\com\kiwihouse\dao\mapper\AuthUserMapper.class]: Unsatisfied dependency expressed through bean property 'sqlSessionFactory'; nested exception is org.springframework.beans.factory.BeanCreationException: Error creating bean with name 'SqlSessionFactory' defined in class path resource [com/kiwihouse/config/database/DataSourceConfig.class]: Bean instantiation via factory method failed; nested exception is org.springframework.beans.BeanInstantiationException: Failed to instantiate [org.apache.ibatis.session.SqlSessionFactory]: Factory method 'SqlSessionFactory' threw exception; nested exception is org.springframework.core.NestedIOException: Failed to parse mapping resource: 'file [F:\xx\项目\serverv2\serverv2\target\classes\mapper\SysDictionaryMapper.xml]'; nested exception is org.apache.ibatis.builder.BuilderException: Error parsing Mapper XML. The XML location is 'file [F:\xx\项目\serverv2\serverv2\target\classes\mapper\SysDictionaryMapper.xml]'. Cause: org.apache.ibatis.builder.BuilderException: Error resolving class. Cause: org.apache.ibatis.type.TypeException: Could not resolve type alias 'com.example.demo.domain.SysDictionary'.  Cause: java.lang.ClassNotFoundException: Cannot find class: com.example.demo.domain.SysDictionary
2020-08-17 17:02:03.149 [restartedMain] WARN  o.s.b.w.s.c.AnnotationConfigServletWebServerApplicationContext - Exception encountered during context initialization - cancelling refresh attempt: org.springframework.beans.factory.BeanCreationException: Error creating bean with name 'objectMapperConfigurer' defined in class path resource [springfox/documentation/spring/web/SpringfoxWebMvcConfiguration.class]: BeanPostProcessor before instantiation of bean failed; nested exception is org.springframework.beans.factory.UnsatisfiedDependencyException: Error creating bean with name 'authorizationAttributeSourceAdvisor' defined in class path resource [org/apache/shiro/spring/boot/autoconfigure/ShiroAnnotationProcessorAutoConfiguration.class]: Unsatisfied dependency expressed through method 'authorizationAttributeSourceAdvisor' parameter 0; nested exception is org.springframework.beans.factory.UnsatisfiedDependencyException: Error creating bean with name 'shiroConfig': Unsatisfied dependency expressed through field 'accountProvider'; nested exception is org.springframework.beans.factory.UnsatisfiedDependencyException: Error creating bean with name 'AccountProvider': Unsatisfied dependency expressed through field 'accountService'; nested exception is org.springframework.beans.factory.UnsatisfiedDependencyException: Error creating bean with name 'AccountService': Unsatisfied dependency expressed through field 'userMapper'; nested exception is org.springframework.beans.factory.UnsatisfiedDependencyException: Error creating bean with name 'authUserMapper' defined in file [F:\xx\项目\serverv2\serverv2\target\classes\com\kiwihouse\dao\mapper\AuthUserMapper.class]: Unsatisfied dependency expressed through bean property 'sqlSessionFactory'; nested exception is org.springframework.beans.factory.BeanCreationException: Error creating bean with name 'SqlSessionFactory' defined in class path resource [com/kiwihouse/config/database/DataSourceConfig.class]: Bean instantiation via factory method failed; nested exception is org.springframework.beans.BeanInstantiationException: Failed to instantiate [org.apache.ibatis.session.SqlSessionFactory]: Factory method 'SqlSessionFactory' threw exception; nested exception is org.springframework.core.NestedIOException: Failed to parse mapping resource: 'file [F:\xx\项目\serverv2\serverv2\target\classes\mapper\SysDictionaryMapper.xml]'; nested exception is org.apache.ibatis.builder.BuilderException: Error parsing Mapper XML. The XML location is 'file [F:\xx\项目\serverv2\serverv2\target\classes\mapper\SysDictionaryMapper.xml]'. Cause: org.apache.ibatis.builder.BuilderException: Error resolving class. Cause: org.apache.ibatis.type.TypeException: Could not resolve type alias 'com.example.demo.domain.SysDictionary'.  Cause: java.lang.ClassNotFoundException: Cannot find class: com.example.demo.domain.SysDictionary
2020-08-17 17:02:14.837 [restartedMain] WARN  o.s.b.w.s.c.AnnotationConfigServletWebServerApplicationContext - Exception encountered during context initialization - cancelling refresh attempt: org.springframework.beans.factory.BeanCreationException: Error creating bean with name 'objectMapperConfigurer' defined in class path resource [springfox/documentation/spring/web/SpringfoxWebMvcConfiguration.class]: BeanPostProcessor before instantiation of bean failed; nested exception is org.springframework.beans.factory.UnsatisfiedDependencyException: Error creating bean with name 'authorizationAttributeSourceAdvisor' defined in class path resource [org/apache/shiro/spring/boot/autoconfigure/ShiroAnnotationProcessorAutoConfiguration.class]: Unsatisfied dependency expressed through method 'authorizationAttributeSourceAdvisor' parameter 0; nested exception is org.springframework.beans.factory.UnsatisfiedDependencyException: Error creating bean with name 'shiroConfig': Unsatisfied dependency expressed through field 'accountProvider'; nested exception is org.springframework.beans.factory.UnsatisfiedDependencyException: Error creating bean with name 'AccountProvider': Unsatisfied dependency expressed through field 'accountService'; nested exception is org.springframework.beans.factory.UnsatisfiedDependencyException: Error creating bean with name 'AccountService': Unsatisfied dependency expressed through field 'userMapper'; nested exception is org.springframework.beans.factory.UnsatisfiedDependencyException: Error creating bean with name 'authUserMapper' defined in file [F:\xx\项目\serverv2\serverv2\target\classes\com\kiwihouse\dao\mapper\AuthUserMapper.class]: Unsatisfied dependency expressed through bean property 'sqlSessionFactory'; nested exception is org.springframework.beans.factory.BeanCreationException: Error creating bean with name 'SqlSessionFactory' defined in class path resource [com/kiwihouse/config/database/DataSourceConfig.class]: Bean instantiation via factory method failed; nested exception is org.springframework.beans.BeanInstantiationException: Failed to instantiate [org.apache.ibatis.session.SqlSessionFactory]: Factory method 'SqlSessionFactory' threw exception; nested exception is org.springframework.core.NestedIOException: Failed to parse mapping resource: 'file [F:\xx\项目\serverv2\serverv2\target\classes\mapper\SysDictionaryMapper.xml]'; nested exception is org.apache.ibatis.builder.BuilderException: Error parsing Mapper XML. The XML location is 'file [F:\xx\项目\serverv2\serverv2\target\classes\mapper\SysDictionaryMapper.xml]'. Cause: org.apache.ibatis.builder.BuilderException: Error resolving class. Cause: org.apache.ibatis.type.TypeException: Could not resolve type alias 'com.example.demo.domain.SysDictionary'.  Cause: java.lang.ClassNotFoundException: Cannot find class: com.example.demo.domain.SysDictionary
2020-08-17 17:02:34.588 [restartedMain] WARN  o.s.b.w.s.c.AnnotationConfigServletWebServerApplicationContext - Exception encountered during context initialization - cancelling refresh attempt: org.springframework.beans.factory.BeanCreationException: Error creating bean with name 'objectMapperConfigurer' defined in class path resource [springfox/documentation/spring/web/SpringfoxWebMvcConfiguration.class]: BeanPostProcessor before instantiation of bean failed; nested exception is org.springframework.beans.factory.UnsatisfiedDependencyException: Error creating bean with name 'authorizationAttributeSourceAdvisor' defined in class path resource [org/apache/shiro/spring/boot/autoconfigure/ShiroAnnotationProcessorAutoConfiguration.class]: Unsatisfied dependency expressed through method 'authorizationAttributeSourceAdvisor' parameter 0; nested exception is org.springframework.beans.factory.UnsatisfiedDependencyException: Error creating bean with name 'shiroConfig': Unsatisfied dependency expressed through field 'accountProvider'; nested exception is org.springframework.beans.factory.UnsatisfiedDependencyException: Error creating bean with name 'AccountProvider': Unsatisfied dependency expressed through field 'accountService'; nested exception is org.springframework.beans.factory.UnsatisfiedDependencyException: Error creating bean with name 'AccountService': Unsatisfied dependency expressed through field 'userMapper'; nested exception is org.springframework.beans.factory.UnsatisfiedDependencyException: Error creating bean with name 'authUserMapper' defined in file [F:\xx\项目\serverv2\serverv2\target\classes\com\kiwihouse\dao\mapper\AuthUserMapper.class]: Unsatisfied dependency expressed through bean property 'sqlSessionFactory'; nested exception is org.springframework.beans.factory.BeanCreationException: Error creating bean with name 'SqlSessionFactory' defined in class path resource [com/kiwihouse/config/database/DataSourceConfig.class]: Bean instantiation via factory method failed; nested exception is org.springframework.beans.BeanInstantiationException: Failed to instantiate [org.apache.ibatis.session.SqlSessionFactory]: Factory method 'SqlSessionFactory' threw exception; nested exception is org.springframework.core.NestedIOException: Failed to parse mapping resource: 'file [F:\xx\项目\serverv2\serverv2\target\classes\mapper\SysDictionaryMapper.xml]'; nested exception is org.apache.ibatis.builder.BuilderException: Error parsing Mapper XML. The XML location is 'file [F:\xx\项目\serverv2\serverv2\target\classes\mapper\SysDictionaryMapper.xml]'. Cause: org.apache.ibatis.builder.BuilderException: Error resolving class. Cause: org.apache.ibatis.type.TypeException: Could not resolve type alias 'com.example.demo.domain.SysDictionary'.  Cause: java.lang.ClassNotFoundException: Cannot find class: com.example.demo.domain.SysDictionary
2020-08-17 17:03:06.420 [restartedMain] WARN  org.apache.tomcat.util.modeler.Registry - The MBean registry cannot be disabled because it has already been initialised
2020-08-17 17:03:07.268 [restartedMain] WARN  s.d.s.w.readers.parameter.ParameterDataTypeReader - Trying to infer dataType org.springframework.ui.ModelMap
2020-08-17 17:08:41.913 [restartedMain] WARN  org.apache.tomcat.util.modeler.Registry - The MBean registry cannot be disabled because it has already been initialised
2020-08-17 17:08:42.814 [restartedMain] WARN  s.d.s.w.readers.parameter.ParameterDataTypeReader - Trying to infer dataType org.springframework.ui.ModelMap
2020-08-17 17:10:07.576 [restartedMain] WARN  o.s.b.w.s.c.AnnotationConfigServletWebServerApplicationContext - Exception encountered during context initialization - cancelling refresh attempt: org.springframework.beans.factory.BeanCreationException: Error creating bean with name 'objectMapperConfigurer' defined in class path resource [springfox/documentation/spring/web/SpringfoxWebMvcConfiguration.class]: BeanPostProcessor before instantiation of bean failed; nested exception is org.springframework.beans.factory.UnsatisfiedDependencyException: Error creating bean with name 'authorizationAttributeSourceAdvisor' defined in class path resource [org/apache/shiro/spring/boot/autoconfigure/ShiroAnnotationProcessorAutoConfiguration.class]: Unsatisfied dependency expressed through method 'authorizationAttributeSourceAdvisor' parameter 0; nested exception is org.springframework.beans.factory.UnsatisfiedDependencyException: Error creating bean with name 'shiroConfig': Unsatisfied dependency expressed through field 'accountProvider'; nested exception is org.springframework.beans.factory.UnsatisfiedDependencyException: Error creating bean with name 'AccountProvider': Unsatisfied dependency expressed through field 'accountService'; nested exception is org.springframework.beans.factory.UnsatisfiedDependencyException: Error creating bean with name 'AccountService': Unsatisfied dependency expressed through field 'userMapper'; nested exception is org.springframework.beans.factory.UnsatisfiedDependencyException: Error creating bean with name 'authUserMapper' defined in file [F:\xx\项目\serverv2\serverv2\target\classes\com\kiwihouse\dao\mapper\AuthUserMapper.class]: Unsatisfied dependency expressed through bean property 'sqlSessionFactory'; nested exception is org.springframework.beans.factory.BeanCreationException: Error creating bean with name 'SqlSessionFactory' defined in class path resource [com/kiwihouse/config/database/DataSourceConfig.class]: Bean instantiation via factory method failed; nested exception is org.springframework.beans.BeanInstantiationException: Failed to instantiate [org.apache.ibatis.session.SqlSessionFactory]: Factory method 'SqlSessionFactory' threw exception; nested exception is org.springframework.core.NestedIOException: Failed to parse mapping resource: 'file [F:\xx\项目\serverv2\serverv2\target\classes\mapper\SysDictionaryMapper.xml]'; nested exception is org.apache.ibatis.builder.BuilderException: Error parsing Mapper XML. The XML location is 'file [F:\xx\项目\serverv2\serverv2\target\classes\mapper\SysDictionaryMapper.xml]'. Cause: org.apache.ibatis.builder.BuilderException: Error resolving JdbcType. Cause: java.lang.IllegalArgumentException: No enum constant org.apache.ibatis.type.JdbcType.STRING
2020-08-17 17:11:41.557 [restartedMain] WARN  org.apache.tomcat.util.modeler.Registry - The MBean registry cannot be disabled because it has already been initialised
2020-08-17 17:11:42.403 [restartedMain] WARN  s.d.s.w.readers.parameter.ParameterDataTypeReader - Trying to infer dataType org.springframework.ui.ModelMap
2020-08-17 17:11:46.032 [restartedMain] WARN  org.apache.tomcat.util.modeler.Registry - The MBean registry cannot be disabled because it has already been initialised
2020-08-17 17:11:46.839 [restartedMain] WARN  s.d.s.w.readers.parameter.ParameterDataTypeReader - Trying to infer dataType org.springframework.ui.ModelMap
2020-08-17 17:12:36.551 [restartedMain] WARN  org.apache.tomcat.util.modeler.Registry - The MBean registry cannot be disabled because it has already been initialised
2020-08-17 17:12:37.396 [restartedMain] WARN  s.d.s.w.readers.parameter.ParameterDataTypeReader - Trying to infer dataType org.springframework.ui.ModelMap
2020-08-17 17:13:29.061 [restartedMain] WARN  org.apache.tomcat.util.modeler.Registry - The MBean registry cannot be disabled because it has already been initialised
2020-08-17 17:13:29.884 [restartedMain] WARN  s.d.s.w.readers.parameter.ParameterDataTypeReader - Trying to infer dataType org.springframework.ui.ModelMap
2020-08-17 17:13:42.867 [restartedMain] WARN  org.apache.tomcat.util.modeler.Registry - The MBean registry cannot be disabled because it has already been initialised
2020-08-17 17:13:43.674 [restartedMain] WARN  s.d.s.w.readers.parameter.ParameterDataTypeReader - Trying to infer dataType org.springframework.ui.ModelMap
2020-08-17 17:14:39.709 [restartedMain] WARN  org.apache.tomcat.util.modeler.Registry - The MBean registry cannot be disabled because it has already been initialised
2020-08-17 17:14:40.729 [restartedMain] WARN  s.d.s.w.readers.parameter.ParameterDataTypeReader - Trying to infer dataType org.springframework.ui.ModelMap
2020-08-17 17:15:13.263 [restartedMain] WARN  org.apache.tomcat.util.modeler.Registry - The MBean registry cannot be disabled because it has already been initialised
2020-08-17 17:15:14.052 [restartedMain] WARN  s.d.s.w.readers.parameter.ParameterDataTypeReader - Trying to infer dataType org.springframework.ui.ModelMap
2020-08-17 17:15:29.579 [restartedMain] WARN  org.apache.tomcat.util.modeler.Registry - The MBean registry cannot be disabled because it has already been initialised
2020-08-17 17:15:30.390 [restartedMain] WARN  s.d.s.w.readers.parameter.ParameterDataTypeReader - Trying to infer dataType org.springframework.ui.ModelMap
2020-08-17 17:15:37.284 [restartedMain] WARN  org.apache.tomcat.util.modeler.Registry - The MBean registry cannot be disabled because it has already been initialised
2020-08-17 17:15:38.414 [restartedMain] WARN  s.d.s.w.readers.parameter.ParameterDataTypeReader - Trying to infer dataType org.springframework.ui.ModelMap
2020-08-17 17:16:00.434 [restartedMain] WARN  org.apache.tomcat.util.modeler.Registry - The MBean registry cannot be disabled because it has already been initialised
2020-08-17 17:16:01.369 [restartedMain] WARN  s.d.s.w.readers.parameter.ParameterDataTypeReader - Trying to infer dataType org.springframework.ui.ModelMap
2020-08-17 17:41:17.691 [restartedMain] WARN  org.apache.tomcat.util.modeler.Registry - The MBean registry cannot be disabled because it has already been initialised
2020-08-17 17:41:18.580 [restartedMain] WARN  s.d.s.w.readers.parameter.ParameterDataTypeReader - Trying to infer dataType org.springframework.ui.ModelMap
2020-08-17 17:45:15.042 [restartedMain] WARN  s.d.s.w.readers.parameter.ParameterDataTypeReader - Trying to infer dataType org.springframework.ui.ModelMap
2020-08-17 17:46:41.759 [restartedMain] WARN  org.apache.tomcat.util.modeler.Registry - The MBean registry cannot be disabled because it has already been initialised
2020-08-17 17:46:42.785 [restartedMain] WARN  s.d.s.w.readers.parameter.ParameterDataTypeReader - Trying to infer dataType org.springframework.ui.ModelMap
2020-08-17 17:51:34.421 [restartedMain] WARN  org.apache.tomcat.util.modeler.Registry - The MBean registry cannot be disabled because it has already been initialised
2020-08-17 17:51:35.500 [restartedMain] WARN  s.d.s.w.readers.parameter.ParameterDataTypeReader - Trying to infer dataType org.springframework.ui.ModelMap
2020-08-17 17:51:55.782 [restartedMain] WARN  org.apache.tomcat.util.modeler.Registry - The MBean registry cannot be disabled because it has already been initialised
2020-08-17 17:51:56.728 [restartedMain] WARN  s.d.s.w.readers.parameter.ParameterDataTypeReader - Trying to infer dataType org.springframework.ui.ModelMap
2020-08-17 18:32:12.783 [restartedMain] WARN  s.d.s.w.readers.parameter.ParameterDataTypeReader - Trying to infer dataType org.springframework.ui.ModelMap
