2020-09-21 09:00:07.886 [http-nio-8001-exec-8] WARN  org.apache.shiro.authc.AbstractAuthenticator - Authentication failed for token submission [JwtToken(ipHost=0:0:0:0:0:0:0:1, deviceInfo=null, jwt=eyJhbGciOiJIUzUxMiIsInppcCI6IkRFRiJ9.eNosjN0KwyAMhd8l1wpqa2b7MiNtU3A_7VBbBmPvvii7OjkfOd8HbiXCCC5411nv9IB40T2GWZNnp5HCNPt1QVoHUJCPSZ5pecZNWsxZWtnvvOnM6eRUIRUYLRrTWzFaBfx-_UFnGkj7g-uw5rW5VDsPccD3BwAA__8.7QXmzeYM54qVUxXSn6rpFwtSRiMTdTEp1yOfamgjOWY8Py_-0wjDuZuSQ7GUeTeClb-cd9Sh723gQowWutEsrA)].  Possible unexpected error? (Typical or expected login exceptions should extend from AuthenticationException).
io.jsonwebtoken.ExpiredJwtException: JWT expired at 2020-09-18T19:58:31Z. Current time: 2020-09-21T09:00:07Z, a difference of 219696886 milliseconds.  Allowed clock skew: 0 milliseconds.
	at io.jsonwebtoken.impl.DefaultJwtParser.parse(DefaultJwtParser.java:385)
	at io.jsonwebtoken.impl.DefaultJwtParser.parse(DefaultJwtParser.java:481)
	at io.jsonwebtoken.impl.DefaultJwtParser.parseClaimsJws(DefaultJwtParser.java:541)
	at com.kiwihouse.util.JsonWebTokenUtil.parseJwt(JsonWebTokenUtil.java:150)
	at com.kiwihouse.shiro.matcher.JwtMatcher.doCredentialsMatch(JwtMatcher.java:31)
	at org.apache.shiro.realm.AuthenticatingRealm.assertCredentialsMatch(AuthenticatingRealm.java:600)
	at org.apache.shiro.realm.AuthenticatingRealm.getAuthenticationInfo(AuthenticatingRealm.java:581)
	at org.apache.shiro.authc.pam.ModularRealmAuthenticator.doSingleRealmAuthentication(ModularRealmAuthenticator.java:180)
	at com.kiwihouse.shiro.realm.AonModularRealmAuthenticator.doAuthenticate(AonModularRealmAuthenticator.java:30)
	at org.apache.shiro.authc.AbstractAuthenticator.authenticate(AbstractAuthenticator.java:198)
	at org.apache.shiro.mgt.AuthenticatingSecurityManager.authenticate(AuthenticatingSecurityManager.java:106)
	at org.apache.shiro.mgt.DefaultSecurityManager.login(DefaultSecurityManager.java:275)
	at org.apache.shiro.subject.support.DelegatingSubject.login(DelegatingSubject.java:260)
	at com.kiwihouse.shiro.filter.JwtFilter.isAccessAllowed(JwtFilter.java:63)
	at com.kiwihouse.shiro.filter.AbstractPathMatchingFilter.onPreHandle(AbstractPathMatchingFilter.java:83)
	at org.apache.shiro.web.filter.PathMatchingFilter.isFilterChainContinued(PathMatchingFilter.java:214)
	at org.apache.shiro.web.filter.PathMatchingFilter.preHandle(PathMatchingFilter.java:189)
	at org.apache.shiro.web.servlet.AdviceFilter.doFilterInternal(AdviceFilter.java:131)
	at org.apache.shiro.web.servlet.OncePerRequestFilter.doFilter(OncePerRequestFilter.java:125)
	at org.apache.shiro.web.servlet.ProxiedFilterChain.doFilter(ProxiedFilterChain.java:66)
	at org.apache.shiro.web.servlet.AbstractShiroFilter.executeChain(AbstractShiroFilter.java:449)
	at org.apache.shiro.web.servlet.AbstractShiroFilter$1.call(AbstractShiroFilter.java:365)
	at org.apache.shiro.subject.support.SubjectCallable.doCall(SubjectCallable.java:90)
	at org.apache.shiro.subject.support.SubjectCallable.call(SubjectCallable.java:83)
	at org.apache.shiro.subject.support.DelegatingSubject.execute(DelegatingSubject.java:387)
	at org.apache.shiro.web.servlet.AbstractShiroFilter.doFilterInternal(AbstractShiroFilter.java:362)
	at org.apache.shiro.web.servlet.OncePerRequestFilter.doFilter(OncePerRequestFilter.java:125)
	at org.apache.catalina.core.ApplicationFilterChain.internalDoFilter(ApplicationFilterChain.java:193)
	at org.apache.catalina.core.ApplicationFilterChain.doFilter(ApplicationFilterChain.java:166)
	at com.kiwihouse.support.XssSqlFilter.doFilter(XssSqlFilter.java:29)
	at org.apache.catalina.core.ApplicationFilterChain.internalDoFilter(ApplicationFilterChain.java:193)
	at org.apache.catalina.core.ApplicationFilterChain.doFilter(ApplicationFilterChain.java:166)
	at com.alibaba.druid.support.http.WebStatFilter.doFilter(WebStatFilter.java:124)
	at org.apache.catalina.core.ApplicationFilterChain.internalDoFilter(ApplicationFilterChain.java:193)
	at org.apache.catalina.core.ApplicationFilterChain.doFilter(ApplicationFilterChain.java:166)
	at org.springframework.web.filter.RequestContextFilter.doFilterInternal(RequestContextFilter.java:100)
	at org.springframework.web.filter.OncePerRequestFilter.doFilter(OncePerRequestFilter.java:119)
	at org.apache.catalina.core.ApplicationFilterChain.internalDoFilter(ApplicationFilterChain.java:193)
	at org.apache.catalina.core.ApplicationFilterChain.doFilter(ApplicationFilterChain.java:166)
	at org.springframework.web.filter.FormContentFilter.doFilterInternal(FormContentFilter.java:93)
	at org.springframework.web.filter.OncePerRequestFilter.doFilter(OncePerRequestFilter.java:119)
	at org.apache.catalina.core.ApplicationFilterChain.internalDoFilter(ApplicationFilterChain.java:193)
	at org.apache.catalina.core.ApplicationFilterChain.doFilter(ApplicationFilterChain.java:166)
	at org.springframework.web.filter.HiddenHttpMethodFilter.doFilterInternal(HiddenHttpMethodFilter.java:94)
	at org.springframework.web.filter.OncePerRequestFilter.doFilter(OncePerRequestFilter.java:119)
	at org.apache.catalina.core.ApplicationFilterChain.internalDoFilter(ApplicationFilterChain.java:193)
	at org.apache.catalina.core.ApplicationFilterChain.doFilter(ApplicationFilterChain.java:166)
	at org.springframework.web.filter.CharacterEncodingFilter.doFilterInternal(CharacterEncodingFilter.java:201)
	at org.springframework.web.filter.OncePerRequestFilter.doFilter(OncePerRequestFilter.java:119)
	at org.apache.catalina.core.ApplicationFilterChain.internalDoFilter(ApplicationFilterChain.java:193)
	at org.apache.catalina.core.ApplicationFilterChain.doFilter(ApplicationFilterChain.java:166)
	at org.springframework.web.filter.CorsFilter.doFilterInternal(CorsFilter.java:92)
	at org.springframework.web.filter.OncePerRequestFilter.doFilter(OncePerRequestFilter.java:119)
	at org.apache.catalina.core.ApplicationFilterChain.internalDoFilter(ApplicationFilterChain.java:193)
	at org.apache.catalina.core.ApplicationFilterChain.doFilter(ApplicationFilterChain.java:166)
	at org.apache.catalina.core.StandardWrapperValve.invoke(StandardWrapperValve.java:202)
	at org.apache.catalina.core.StandardContextValve.invoke(StandardContextValve.java:96)
	at org.apache.catalina.authenticator.AuthenticatorBase.invoke(AuthenticatorBase.java:526)
	at org.apache.catalina.core.StandardHostValve.invoke(StandardHostValve.java:139)
	at org.apache.catalina.valves.ErrorReportValve.invoke(ErrorReportValve.java:92)
	at org.apache.catalina.core.StandardEngineValve.invoke(StandardEngineValve.java:74)
	at org.apache.catalina.connector.CoyoteAdapter.service(CoyoteAdapter.java:343)
	at org.apache.coyote.http11.Http11Processor.service(Http11Processor.java:367)
	at org.apache.coyote.AbstractProcessorLight.process(AbstractProcessorLight.java:65)
	at org.apache.coyote.AbstractProtocol$ConnectionHandler.process(AbstractProtocol.java:860)
	at org.apache.tomcat.util.net.NioEndpoint$SocketProcessor.doRun(NioEndpoint.java:1591)
	at org.apache.tomcat.util.net.SocketProcessorBase.run(SocketProcessorBase.java:49)
	at java.util.concurrent.ThreadPoolExecutor.runWorker(ThreadPoolExecutor.java:1142)
	at java.util.concurrent.ThreadPoolExecutor$Worker.run(ThreadPoolExecutor.java:617)
	at org.apache.tomcat.util.threads.TaskThread$WrappingRunnable.run(TaskThread.java:61)
	at java.lang.Thread.run(Thread.java:745)
2020-09-21 09:00:07.881 [http-nio-8001-exec-10] WARN  org.apache.shiro.authc.AbstractAuthenticator - Authentication failed for token submission [JwtToken(ipHost=0:0:0:0:0:0:0:1, deviceInfo=null, jwt=eyJhbGciOiJIUzUxMiIsInppcCI6IkRFRiJ9.eNosjN0KwyAMhd8l1wpqa2b7MiNtU3A_7VBbBmPvvii7OjkfOd8HbiXCCC5411nv9IB40T2GWZNnp5HCNPt1QVoHUJCPSZ5pecZNWsxZWtnvvOnM6eRUIRUYLRrTWzFaBfx-_UFnGkj7g-uw5rW5VDsPccD3BwAA__8.7QXmzeYM54qVUxXSn6rpFwtSRiMTdTEp1yOfamgjOWY8Py_-0wjDuZuSQ7GUeTeClb-cd9Sh723gQowWutEsrA)].  Possible unexpected error? (Typical or expected login exceptions should extend from AuthenticationException).
io.jsonwebtoken.ExpiredJwtException: JWT expired at 2020-09-18T19:58:31Z. Current time: 2020-09-21T09:00:07Z, a difference of 219696878 milliseconds.  Allowed clock skew: 0 milliseconds.
	at io.jsonwebtoken.impl.DefaultJwtParser.parse(DefaultJwtParser.java:385)
	at io.jsonwebtoken.impl.DefaultJwtParser.parse(DefaultJwtParser.java:481)
	at io.jsonwebtoken.impl.DefaultJwtParser.parseClaimsJws(DefaultJwtParser.java:541)
	at com.kiwihouse.util.JsonWebTokenUtil.parseJwt(JsonWebTokenUtil.java:150)
	at com.kiwihouse.shiro.matcher.JwtMatcher.doCredentialsMatch(JwtMatcher.java:31)
	at org.apache.shiro.realm.AuthenticatingRealm.assertCredentialsMatch(AuthenticatingRealm.java:600)
	at org.apache.shiro.realm.AuthenticatingRealm.getAuthenticationInfo(AuthenticatingRealm.java:581)
	at org.apache.shiro.authc.pam.ModularRealmAuthenticator.doSingleRealmAuthentication(ModularRealmAuthenticator.java:180)
	at com.kiwihouse.shiro.realm.AonModularRealmAuthenticator.doAuthenticate(AonModularRealmAuthenticator.java:30)
	at org.apache.shiro.authc.AbstractAuthenticator.authenticate(AbstractAuthenticator.java:198)
	at org.apache.shiro.mgt.AuthenticatingSecurityManager.authenticate(AuthenticatingSecurityManager.java:106)
	at org.apache.shiro.mgt.DefaultSecurityManager.login(DefaultSecurityManager.java:275)
	at org.apache.shiro.subject.support.DelegatingSubject.login(DelegatingSubject.java:260)
	at com.kiwihouse.shiro.filter.JwtFilter.isAccessAllowed(JwtFilter.java:63)
	at com.kiwihouse.shiro.filter.AbstractPathMatchingFilter.onPreHandle(AbstractPathMatchingFilter.java:83)
	at org.apache.shiro.web.filter.PathMatchingFilter.isFilterChainContinued(PathMatchingFilter.java:214)
	at org.apache.shiro.web.filter.PathMatchingFilter.preHandle(PathMatchingFilter.java:189)
	at org.apache.shiro.web.servlet.AdviceFilter.doFilterInternal(AdviceFilter.java:131)
	at org.apache.shiro.web.servlet.OncePerRequestFilter.doFilter(OncePerRequestFilter.java:125)
	at org.apache.shiro.web.servlet.ProxiedFilterChain.doFilter(ProxiedFilterChain.java:66)
	at org.apache.shiro.web.servlet.AbstractShiroFilter.executeChain(AbstractShiroFilter.java:449)
	at org.apache.shiro.web.servlet.AbstractShiroFilter$1.call(AbstractShiroFilter.java:365)
	at org.apache.shiro.subject.support.SubjectCallable.doCall(SubjectCallable.java:90)
	at org.apache.shiro.subject.support.SubjectCallable.call(SubjectCallable.java:83)
	at org.apache.shiro.subject.support.DelegatingSubject.execute(DelegatingSubject.java:387)
	at org.apache.shiro.web.servlet.AbstractShiroFilter.doFilterInternal(AbstractShiroFilter.java:362)
	at org.apache.shiro.web.servlet.OncePerRequestFilter.doFilter(OncePerRequestFilter.java:125)
	at org.apache.catalina.core.ApplicationFilterChain.internalDoFilter(ApplicationFilterChain.java:193)
	at org.apache.catalina.core.ApplicationFilterChain.doFilter(ApplicationFilterChain.java:166)
	at com.kiwihouse.support.XssSqlFilter.doFilter(XssSqlFilter.java:29)
	at org.apache.catalina.core.ApplicationFilterChain.internalDoFilter(ApplicationFilterChain.java:193)
	at org.apache.catalina.core.ApplicationFilterChain.doFilter(ApplicationFilterChain.java:166)
	at com.alibaba.druid.support.http.WebStatFilter.doFilter(WebStatFilter.java:124)
	at org.apache.catalina.core.ApplicationFilterChain.internalDoFilter(ApplicationFilterChain.java:193)
	at org.apache.catalina.core.ApplicationFilterChain.doFilter(ApplicationFilterChain.java:166)
	at org.springframework.web.filter.RequestContextFilter.doFilterInternal(RequestContextFilter.java:100)
	at org.springframework.web.filter.OncePerRequestFilter.doFilter(OncePerRequestFilter.java:119)
	at org.apache.catalina.core.ApplicationFilterChain.internalDoFilter(ApplicationFilterChain.java:193)
	at org.apache.catalina.core.ApplicationFilterChain.doFilter(ApplicationFilterChain.java:166)
	at org.springframework.web.filter.FormContentFilter.doFilterInternal(FormContentFilter.java:93)
	at org.springframework.web.filter.OncePerRequestFilter.doFilter(OncePerRequestFilter.java:119)
	at org.apache.catalina.core.ApplicationFilterChain.internalDoFilter(ApplicationFilterChain.java:193)
	at org.apache.catalina.core.ApplicationFilterChain.doFilter(ApplicationFilterChain.java:166)
	at org.springframework.web.filter.HiddenHttpMethodFilter.doFilterInternal(HiddenHttpMethodFilter.java:94)
	at org.springframework.web.filter.OncePerRequestFilter.doFilter(OncePerRequestFilter.java:119)
	at org.apache.catalina.core.ApplicationFilterChain.internalDoFilter(ApplicationFilterChain.java:193)
	at org.apache.catalina.core.ApplicationFilterChain.doFilter(ApplicationFilterChain.java:166)
	at org.springframework.web.filter.CharacterEncodingFilter.doFilterInternal(CharacterEncodingFilter.java:201)
	at org.springframework.web.filter.OncePerRequestFilter.doFilter(OncePerRequestFilter.java:119)
	at org.apache.catalina.core.ApplicationFilterChain.internalDoFilter(ApplicationFilterChain.java:193)
	at org.apache.catalina.core.ApplicationFilterChain.doFilter(ApplicationFilterChain.java:166)
	at org.springframework.web.filter.CorsFilter.doFilterInternal(CorsFilter.java:92)
	at org.springframework.web.filter.OncePerRequestFilter.doFilter(OncePerRequestFilter.java:119)
	at org.apache.catalina.core.ApplicationFilterChain.internalDoFilter(ApplicationFilterChain.java:193)
	at org.apache.catalina.core.ApplicationFilterChain.doFilter(ApplicationFilterChain.java:166)
	at org.apache.catalina.core.StandardWrapperValve.invoke(StandardWrapperValve.java:202)
	at org.apache.catalina.core.StandardContextValve.invoke(StandardContextValve.java:96)
	at org.apache.catalina.authenticator.AuthenticatorBase.invoke(AuthenticatorBase.java:526)
	at org.apache.catalina.core.StandardHostValve.invoke(StandardHostValve.java:139)
	at org.apache.catalina.valves.ErrorReportValve.invoke(ErrorReportValve.java:92)
	at org.apache.catalina.core.StandardEngineValve.invoke(StandardEngineValve.java:74)
	at org.apache.catalina.connector.CoyoteAdapter.service(CoyoteAdapter.java:343)
	at org.apache.coyote.http11.Http11Processor.service(Http11Processor.java:367)
	at org.apache.coyote.AbstractProcessorLight.process(AbstractProcessorLight.java:65)
	at org.apache.coyote.AbstractProtocol$ConnectionHandler.process(AbstractProtocol.java:860)
	at org.apache.tomcat.util.net.NioEndpoint$SocketProcessor.doRun(NioEndpoint.java:1591)
	at org.apache.tomcat.util.net.SocketProcessorBase.run(SocketProcessorBase.java:49)
	at java.util.concurrent.ThreadPoolExecutor.runWorker(ThreadPoolExecutor.java:1142)
	at java.util.concurrent.ThreadPoolExecutor$Worker.run(ThreadPoolExecutor.java:617)
	at org.apache.tomcat.util.threads.TaskThread$WrappingRunnable.run(TaskThread.java:61)
	at java.lang.Thread.run(Thread.java:745)
2020-09-21 09:00:08.178 [http-nio-8001-exec-2] WARN  org.apache.shiro.authc.AbstractAuthenticator - Authentication failed for token submission [JwtToken(ipHost=0:0:0:0:0:0:0:1, deviceInfo=null, jwt=eyJhbGciOiJIUzUxMiIsInppcCI6IkRFRiJ9.eNosjN0KwyAMhd8l1wpqa2b7MiNtU3A_7VBbBmPvvii7OjkfOd8HbiXCCC5411nv9IB40T2GWZNnp5HCNPt1QVoHUJCPSZ5pecZNWsxZWtnvvOnM6eRUIRUYLRrTWzFaBfx-_UFnGkj7g-uw5rW5VDsPccD3BwAA__8.7QXmzeYM54qVUxXSn6rpFwtSRiMTdTEp1yOfamgjOWY8Py_-0wjDuZuSQ7GUeTeClb-cd9Sh723gQowWutEsrA)].  Possible unexpected error? (Typical or expected login exceptions should extend from AuthenticationException).
io.jsonwebtoken.ExpiredJwtException: JWT expired at 2020-09-18T19:58:31Z. Current time: 2020-09-21T09:00:08Z, a difference of 219697178 milliseconds.  Allowed clock skew: 0 milliseconds.
	at io.jsonwebtoken.impl.DefaultJwtParser.parse(DefaultJwtParser.java:385)
	at io.jsonwebtoken.impl.DefaultJwtParser.parse(DefaultJwtParser.java:481)
	at io.jsonwebtoken.impl.DefaultJwtParser.parseClaimsJws(DefaultJwtParser.java:541)
	at com.kiwihouse.util.JsonWebTokenUtil.parseJwt(JsonWebTokenUtil.java:150)
	at com.kiwihouse.shiro.matcher.JwtMatcher.doCredentialsMatch(JwtMatcher.java:31)
	at org.apache.shiro.realm.AuthenticatingRealm.assertCredentialsMatch(AuthenticatingRealm.java:600)
	at org.apache.shiro.realm.AuthenticatingRealm.getAuthenticationInfo(AuthenticatingRealm.java:581)
	at org.apache.shiro.authc.pam.ModularRealmAuthenticator.doSingleRealmAuthentication(ModularRealmAuthenticator.java:180)
	at com.kiwihouse.shiro.realm.AonModularRealmAuthenticator.doAuthenticate(AonModularRealmAuthenticator.java:30)
	at org.apache.shiro.authc.AbstractAuthenticator.authenticate(AbstractAuthenticator.java:198)
	at org.apache.shiro.mgt.AuthenticatingSecurityManager.authenticate(AuthenticatingSecurityManager.java:106)
	at org.apache.shiro.mgt.DefaultSecurityManager.login(DefaultSecurityManager.java:275)
	at org.apache.shiro.subject.support.DelegatingSubject.login(DelegatingSubject.java:260)
	at com.kiwihouse.shiro.filter.JwtFilter.isAccessAllowed(JwtFilter.java:63)
	at com.kiwihouse.shiro.filter.AbstractPathMatchingFilter.onPreHandle(AbstractPathMatchingFilter.java:83)
	at org.apache.shiro.web.filter.PathMatchingFilter.isFilterChainContinued(PathMatchingFilter.java:214)
	at org.apache.shiro.web.filter.PathMatchingFilter.preHandle(PathMatchingFilter.java:189)
	at org.apache.shiro.web.servlet.AdviceFilter.doFilterInternal(AdviceFilter.java:131)
	at org.apache.shiro.web.servlet.OncePerRequestFilter.doFilter(OncePerRequestFilter.java:125)
	at org.apache.shiro.web.servlet.ProxiedFilterChain.doFilter(ProxiedFilterChain.java:66)
	at org.apache.shiro.web.servlet.AbstractShiroFilter.executeChain(AbstractShiroFilter.java:449)
	at org.apache.shiro.web.servlet.AbstractShiroFilter$1.call(AbstractShiroFilter.java:365)
	at org.apache.shiro.subject.support.SubjectCallable.doCall(SubjectCallable.java:90)
	at org.apache.shiro.subject.support.SubjectCallable.call(SubjectCallable.java:83)
	at org.apache.shiro.subject.support.DelegatingSubject.execute(DelegatingSubject.java:387)
	at org.apache.shiro.web.servlet.AbstractShiroFilter.doFilterInternal(AbstractShiroFilter.java:362)
	at org.apache.shiro.web.servlet.OncePerRequestFilter.doFilter(OncePerRequestFilter.java:125)
	at org.apache.catalina.core.ApplicationFilterChain.internalDoFilter(ApplicationFilterChain.java:193)
	at org.apache.catalina.core.ApplicationFilterChain.doFilter(ApplicationFilterChain.java:166)
	at com.kiwihouse.support.XssSqlFilter.doFilter(XssSqlFilter.java:29)
	at org.apache.catalina.core.ApplicationFilterChain.internalDoFilter(ApplicationFilterChain.java:193)
	at org.apache.catalina.core.ApplicationFilterChain.doFilter(ApplicationFilterChain.java:166)
	at com.alibaba.druid.support.http.WebStatFilter.doFilter(WebStatFilter.java:124)
	at org.apache.catalina.core.ApplicationFilterChain.internalDoFilter(ApplicationFilterChain.java:193)
	at org.apache.catalina.core.ApplicationFilterChain.doFilter(ApplicationFilterChain.java:166)
	at org.springframework.web.filter.RequestContextFilter.doFilterInternal(RequestContextFilter.java:100)
	at org.springframework.web.filter.OncePerRequestFilter.doFilter(OncePerRequestFilter.java:119)
	at org.apache.catalina.core.ApplicationFilterChain.internalDoFilter(ApplicationFilterChain.java:193)
	at org.apache.catalina.core.ApplicationFilterChain.doFilter(ApplicationFilterChain.java:166)
	at org.springframework.web.filter.FormContentFilter.doFilterInternal(FormContentFilter.java:93)
	at org.springframework.web.filter.OncePerRequestFilter.doFilter(OncePerRequestFilter.java:119)
	at org.apache.catalina.core.ApplicationFilterChain.internalDoFilter(ApplicationFilterChain.java:193)
	at org.apache.catalina.core.ApplicationFilterChain.doFilter(ApplicationFilterChain.java:166)
	at org.springframework.web.filter.HiddenHttpMethodFilter.doFilterInternal(HiddenHttpMethodFilter.java:94)
	at org.springframework.web.filter.OncePerRequestFilter.doFilter(OncePerRequestFilter.java:119)
	at org.apache.catalina.core.ApplicationFilterChain.internalDoFilter(ApplicationFilterChain.java:193)
	at org.apache.catalina.core.ApplicationFilterChain.doFilter(ApplicationFilterChain.java:166)
	at org.springframework.web.filter.CharacterEncodingFilter.doFilterInternal(CharacterEncodingFilter.java:201)
	at org.springframework.web.filter.OncePerRequestFilter.doFilter(OncePerRequestFilter.java:119)
	at org.apache.catalina.core.ApplicationFilterChain.internalDoFilter(ApplicationFilterChain.java:193)
	at org.apache.catalina.core.ApplicationFilterChain.doFilter(ApplicationFilterChain.java:166)
	at org.springframework.web.filter.CorsFilter.doFilterInternal(CorsFilter.java:92)
	at org.springframework.web.filter.OncePerRequestFilter.doFilter(OncePerRequestFilter.java:119)
	at org.apache.catalina.core.ApplicationFilterChain.internalDoFilter(ApplicationFilterChain.java:193)
	at org.apache.catalina.core.ApplicationFilterChain.doFilter(ApplicationFilterChain.java:166)
	at org.apache.catalina.core.StandardWrapperValve.invoke(StandardWrapperValve.java:202)
	at org.apache.catalina.core.StandardContextValve.invoke(StandardContextValve.java:96)
	at org.apache.catalina.authenticator.AuthenticatorBase.invoke(AuthenticatorBase.java:526)
	at org.apache.catalina.core.StandardHostValve.invoke(StandardHostValve.java:139)
	at org.apache.catalina.valves.ErrorReportValve.invoke(ErrorReportValve.java:92)
	at org.apache.catalina.core.StandardEngineValve.invoke(StandardEngineValve.java:74)
	at org.apache.catalina.connector.CoyoteAdapter.service(CoyoteAdapter.java:343)
	at org.apache.coyote.http11.Http11Processor.service(Http11Processor.java:367)
	at org.apache.coyote.AbstractProcessorLight.process(AbstractProcessorLight.java:65)
	at org.apache.coyote.AbstractProtocol$ConnectionHandler.process(AbstractProtocol.java:860)
	at org.apache.tomcat.util.net.NioEndpoint$SocketProcessor.doRun(NioEndpoint.java:1591)
	at org.apache.tomcat.util.net.SocketProcessorBase.run(SocketProcessorBase.java:49)
	at java.util.concurrent.ThreadPoolExecutor.runWorker(ThreadPoolExecutor.java:1142)
	at java.util.concurrent.ThreadPoolExecutor$Worker.run(ThreadPoolExecutor.java:617)
	at org.apache.tomcat.util.threads.TaskThread$WrappingRunnable.run(TaskThread.java:61)
	at java.lang.Thread.run(Thread.java:745)
2020-09-21 09:12:44.739 [http-nio-8001-exec-9] WARN  o.s.w.s.m.m.a.ExceptionHandlerExceptionResolver - Failure in @ExceptionHandler com.kiwihouse.support.GlobalExceptionHandler#notFoundException(RuntimeException)
java.lang.NullPointerException: null
	at org.springframework.web.util.UrlPathHelper.removeJsessionid(UrlPathHelper.java:542)
	at org.springframework.web.util.UrlPathHelper.removeSemicolonContent(UrlPathHelper.java:527)
	at org.springframework.web.util.UrlPathHelper.decodeAndCleanUriString(UrlPathHelper.java:460)
	at org.springframework.web.util.UrlPathHelper.getOriginatingRequestUri(UrlPathHelper.java:407)
	at org.springframework.web.servlet.mvc.method.annotation.AbstractMessageConverterMethodProcessor.addContentDispositionHeader(AbstractMessageConverterMethodProcessor.java:437)
	at org.springframework.web.servlet.mvc.method.annotation.AbstractMessageConverterMethodProcessor.writeWithMessageConverters(AbstractMessageConverterMethodProcessor.java:293)
	at org.springframework.web.servlet.mvc.method.annotation.RequestResponseBodyMethodProcessor.handleReturnValue(RequestResponseBodyMethodProcessor.java:181)
	at org.springframework.web.method.support.HandlerMethodReturnValueHandlerComposite.handleReturnValue(HandlerMethodReturnValueHandlerComposite.java:82)
	at org.springframework.web.servlet.mvc.method.annotation.ServletInvocableHandlerMethod.invokeAndHandle(ServletInvocableHandlerMethod.java:124)
	at org.springframework.web.servlet.mvc.method.annotation.ExceptionHandlerExceptionResolver.doResolveHandlerMethodException(ExceptionHandlerExceptionResolver.java:407)
	at org.springframework.web.servlet.handler.AbstractHandlerMethodExceptionResolver.doResolveException(AbstractHandlerMethodExceptionResolver.java:61)
	at org.springframework.web.servlet.handler.AbstractHandlerExceptionResolver.resolveException(AbstractHandlerExceptionResolver.java:141)
	at org.springframework.web.servlet.handler.HandlerExceptionResolverComposite.resolveException(HandlerExceptionResolverComposite.java:80)
	at org.springframework.web.servlet.DispatcherServlet.processHandlerException(DispatcherServlet.java:1300)
	at org.springframework.web.servlet.DispatcherServlet.processDispatchResult(DispatcherServlet.java:1111)
	at org.springframework.web.servlet.DispatcherServlet.doDispatch(DispatcherServlet.java:1057)
	at org.springframework.web.servlet.DispatcherServlet.doService(DispatcherServlet.java:943)
	at org.springframework.web.servlet.FrameworkServlet.processRequest(FrameworkServlet.java:1006)
	at org.springframework.web.servlet.FrameworkServlet.doGet(FrameworkServlet.java:898)
	at javax.servlet.http.HttpServlet.service(HttpServlet.java:634)
	at org.springframework.web.servlet.FrameworkServlet.service(FrameworkServlet.java:883)
	at javax.servlet.http.HttpServlet.service(HttpServlet.java:741)
	at org.apache.catalina.core.ApplicationFilterChain.internalDoFilter(ApplicationFilterChain.java:231)
	at org.apache.catalina.core.ApplicationFilterChain.doFilter(ApplicationFilterChain.java:166)
	at org.apache.tomcat.websocket.server.WsFilter.doFilter(WsFilter.java:53)
	at org.apache.catalina.core.ApplicationFilterChain.internalDoFilter(ApplicationFilterChain.java:193)
	at org.apache.catalina.core.ApplicationFilterChain.doFilter(ApplicationFilterChain.java:166)
	at org.apache.shiro.web.servlet.ProxiedFilterChain.doFilter(ProxiedFilterChain.java:61)
	at org.apache.shiro.web.servlet.AdviceFilter.executeChain(AdviceFilter.java:108)
	at org.apache.shiro.web.servlet.AdviceFilter.doFilterInternal(AdviceFilter.java:137)
	at org.apache.shiro.web.servlet.OncePerRequestFilter.doFilter(OncePerRequestFilter.java:125)
	at org.apache.shiro.web.servlet.ProxiedFilterChain.doFilter(ProxiedFilterChain.java:66)
	at org.apache.shiro.web.servlet.AbstractShiroFilter.executeChain(AbstractShiroFilter.java:449)
	at org.apache.shiro.web.servlet.AbstractShiroFilter$1.call(AbstractShiroFilter.java:365)
	at org.apache.shiro.subject.support.SubjectCallable.doCall(SubjectCallable.java:90)
	at org.apache.shiro.subject.support.SubjectCallable.call(SubjectCallable.java:83)
	at org.apache.shiro.subject.support.DelegatingSubject.execute(DelegatingSubject.java:387)
	at org.apache.shiro.web.servlet.AbstractShiroFilter.doFilterInternal(AbstractShiroFilter.java:362)
	at org.apache.shiro.web.servlet.OncePerRequestFilter.doFilter(OncePerRequestFilter.java:125)
	at org.apache.catalina.core.ApplicationFilterChain.internalDoFilter(ApplicationFilterChain.java:193)
	at org.apache.catalina.core.ApplicationFilterChain.doFilter(ApplicationFilterChain.java:166)
	at com.kiwihouse.support.XssSqlFilter.doFilter(XssSqlFilter.java:29)
	at org.apache.catalina.core.ApplicationFilterChain.internalDoFilter(ApplicationFilterChain.java:193)
	at org.apache.catalina.core.ApplicationFilterChain.doFilter(ApplicationFilterChain.java:166)
	at com.alibaba.druid.support.http.WebStatFilter.doFilter(WebStatFilter.java:124)
	at org.apache.catalina.core.ApplicationFilterChain.internalDoFilter(ApplicationFilterChain.java:193)
	at org.apache.catalina.core.ApplicationFilterChain.doFilter(ApplicationFilterChain.java:166)
	at org.springframework.web.filter.RequestContextFilter.doFilterInternal(RequestContextFilter.java:100)
	at org.springframework.web.filter.OncePerRequestFilter.doFilter(OncePerRequestFilter.java:119)
	at org.apache.catalina.core.ApplicationFilterChain.internalDoFilter(ApplicationFilterChain.java:193)
	at org.apache.catalina.core.ApplicationFilterChain.doFilter(ApplicationFilterChain.java:166)
	at org.springframework.web.filter.FormContentFilter.doFilterInternal(FormContentFilter.java:93)
	at org.springframework.web.filter.OncePerRequestFilter.doFilter(OncePerRequestFilter.java:119)
	at org.apache.catalina.core.ApplicationFilterChain.internalDoFilter(ApplicationFilterChain.java:193)
	at org.apache.catalina.core.ApplicationFilterChain.doFilter(ApplicationFilterChain.java:166)
	at org.springframework.web.filter.HiddenHttpMethodFilter.doFilterInternal(HiddenHttpMethodFilter.java:94)
	at org.springframework.web.filter.OncePerRequestFilter.doFilter(OncePerRequestFilter.java:119)
	at org.apache.catalina.core.ApplicationFilterChain.internalDoFilter(ApplicationFilterChain.java:193)
	at org.apache.catalina.core.ApplicationFilterChain.doFilter(ApplicationFilterChain.java:166)
	at org.springframework.web.filter.CharacterEncodingFilter.doFilterInternal(CharacterEncodingFilter.java:201)
	at org.springframework.web.filter.OncePerRequestFilter.doFilter(OncePerRequestFilter.java:119)
	at org.apache.catalina.core.ApplicationFilterChain.internalDoFilter(ApplicationFilterChain.java:193)
	at org.apache.catalina.core.ApplicationFilterChain.doFilter(ApplicationFilterChain.java:166)
	at org.springframework.web.filter.CorsFilter.doFilterInternal(CorsFilter.java:92)
	at org.springframework.web.filter.OncePerRequestFilter.doFilter(OncePerRequestFilter.java:119)
	at org.apache.catalina.core.ApplicationFilterChain.internalDoFilter(ApplicationFilterChain.java:193)
	at org.apache.catalina.core.ApplicationFilterChain.doFilter(ApplicationFilterChain.java:166)
	at org.apache.catalina.core.StandardWrapperValve.invoke(StandardWrapperValve.java:202)
	at org.apache.catalina.core.StandardContextValve.invoke(StandardContextValve.java:96)
	at org.apache.catalina.authenticator.AuthenticatorBase.invoke(AuthenticatorBase.java:526)
	at org.apache.catalina.core.StandardHostValve.invoke(StandardHostValve.java:139)
	at org.apache.catalina.valves.ErrorReportValve.invoke(ErrorReportValve.java:92)
	at org.apache.catalina.core.StandardEngineValve.invoke(StandardEngineValve.java:74)
	at org.apache.catalina.connector.CoyoteAdapter.service(CoyoteAdapter.java:343)
	at org.apache.coyote.http11.Http11Processor.service(Http11Processor.java:367)
	at org.apache.coyote.AbstractProcessorLight.process(AbstractProcessorLight.java:65)
	at org.apache.coyote.AbstractProtocol$ConnectionHandler.process(AbstractProtocol.java:860)
	at org.apache.tomcat.util.net.NioEndpoint$SocketProcessor.doRun(NioEndpoint.java:1591)
	at org.apache.tomcat.util.net.SocketProcessorBase.run(SocketProcessorBase.java:49)
	at java.util.concurrent.ThreadPoolExecutor.runWorker(ThreadPoolExecutor.java:1142)
	at java.util.concurrent.ThreadPoolExecutor$Worker.run(ThreadPoolExecutor.java:617)
	at org.apache.tomcat.util.threads.TaskThread$WrappingRunnable.run(TaskThread.java:61)
	at java.lang.Thread.run(Thread.java:745)
2020-09-21 09:12:46.624 [restartedMain] WARN  org.apache.tomcat.util.modeler.Registry - The MBean registry cannot be disabled because it has already been initialised
2020-09-21 09:48:42.752 [restartedMain] WARN  org.apache.tomcat.util.modeler.Registry - The MBean registry cannot be disabled because it has already been initialised
2020-09-21 09:49:35.147 [restartedMain] WARN  org.apache.tomcat.util.modeler.Registry - The MBean registry cannot be disabled because it has already been initialised
2020-09-21 09:50:14.089 [restartedMain] WARN  org.apache.tomcat.util.modeler.Registry - The MBean registry cannot be disabled because it has already been initialised
2020-09-21 09:52:04.618 [restartedMain] WARN  org.apache.tomcat.util.modeler.Registry - The MBean registry cannot be disabled because it has already been initialised
2020-09-21 09:58:06.455 [restartedMain] WARN  org.apache.tomcat.util.modeler.Registry - The MBean registry cannot be disabled because it has already been initialised
2020-09-21 09:59:10.420 [restartedMain] WARN  org.apache.tomcat.util.modeler.Registry - The MBean registry cannot be disabled because it has already been initialised
2020-09-21 10:00:16.064 [restartedMain] WARN  org.apache.tomcat.util.modeler.Registry - The MBean registry cannot be disabled because it has already been initialised
2020-09-21 10:21:16.160 [restartedMain] WARN  org.apache.tomcat.util.modeler.Registry - The MBean registry cannot be disabled because it has already been initialised
2020-09-21 10:22:13.135 [http-nio-8001-exec-5] WARN  o.s.w.s.m.m.a.ExceptionHandlerExceptionResolver - Resolved [java.lang.NumberFormatException: For input string: "250.5"]
2020-09-21 10:25:34.139 [restartedMain] WARN  org.apache.tomcat.util.modeler.Registry - The MBean registry cannot be disabled because it has already been initialised
2020-09-21 10:25:34.251 [restartedMain] WARN  o.s.b.w.s.c.AnnotationConfigServletWebServerApplicationContext - Exception encountered during context initialization - cancelling refresh attempt: org.springframework.beans.factory.UnsatisfiedDependencyException: Error creating bean with name 'commandIssueController': Unsatisfied dependency expressed through field 'commandIssueService'; nested exception is org.springframework.beans.factory.BeanCreationException: Error creating bean with name 'commandIssueService' defined in file [C:\Users\cmx\git\SxxGDZB-customization\serverv2\target\classes\com\kiwihouse\service\CommandIssueService.class]: Instantiation of bean failed; nested exception is org.springframework.beans.BeanInstantiationException: Failed to instantiate [com.kiwihouse.service.CommandIssueService]: Constructor threw exception; nested exception is java.lang.Error: Unresolved compilation problem: 
	Type mismatch: cannot convert from HashMap<String,Object> to HashMap<String,Integer>

2020-09-21 10:25:37.525 [restartedMain] WARN  org.apache.tomcat.util.modeler.Registry - The MBean registry cannot be disabled because it has already been initialised
2020-09-21 10:25:37.640 [restartedMain] WARN  o.s.b.w.s.c.AnnotationConfigServletWebServerApplicationContext - Exception encountered during context initialization - cancelling refresh attempt: org.springframework.beans.factory.UnsatisfiedDependencyException: Error creating bean with name 'commandIssueController': Unsatisfied dependency expressed through field 'commandIssueService'; nested exception is org.springframework.beans.factory.BeanCreationException: Error creating bean with name 'commandIssueService' defined in file [C:\Users\cmx\git\SxxGDZB-customization\serverv2\target\classes\com\kiwihouse\service\CommandIssueService.class]: Instantiation of bean failed; nested exception is org.springframework.beans.BeanInstantiationException: Failed to instantiate [com.kiwihouse.service.CommandIssueService]: Constructor threw exception; nested exception is java.lang.Error: Unresolved compilation problem: 
	The method commandsIssued(HashMap<String,Integer>, String, String) in the type CommandIssueService is not applicable for the arguments (HashMap<String,Object>, String, String)

2020-09-21 10:25:42.596 [restartedMain] WARN  org.apache.tomcat.util.modeler.Registry - The MBean registry cannot be disabled because it has already been initialised
2020-09-21 10:26:10.666 [http-nio-8001-exec-6] WARN  o.s.w.s.m.m.a.ExceptionHandlerExceptionResolver - Resolved [java.lang.NumberFormatException: For input string: "250.5"]
2020-09-21 10:28:10.104 [http-nio-8001-exec-1] WARN  o.s.w.s.m.m.a.ExceptionHandlerExceptionResolver - Resolved [java.lang.NumberFormatException: For input string: "250.8"]
2020-09-21 10:30:00.635 [http-nio-8001-exec-6] WARN  o.s.w.s.m.m.a.ExceptionHandlerExceptionResolver - Resolved [java.lang.NumberFormatException: For input string: "250.4"]
2020-09-21 10:31:41.758 [restartedMain] WARN  org.apache.tomcat.util.modeler.Registry - The MBean registry cannot be disabled because it has already been initialised
2020-09-21 10:37:06.069 [restartedMain] WARN  org.apache.tomcat.util.modeler.Registry - The MBean registry cannot be disabled because it has already been initialised
2020-09-21 10:42:59.345 [restartedMain] WARN  org.apache.tomcat.util.modeler.Registry - The MBean registry cannot be disabled because it has already been initialised
2020-09-21 11:05:43.954 [restartedMain] WARN  org.apache.tomcat.util.modeler.Registry - The MBean registry cannot be disabled because it has already been initialised
2020-09-21 11:05:57.162 [http-nio-8001-exec-9] WARN  o.s.w.s.m.m.a.ExceptionHandlerExceptionResolver - Resolved [org.mybatis.spring.MyBatisSystemException: nested exception is org.apache.ibatis.reflection.ReflectionException: There is no getter for property named 'alarmType' in 'class com.kiwihouse.vo.kiwihouse.AlmQueryVo']
2020-09-21 11:05:57.740 [http-nio-8001-exec-7] WARN  o.s.w.s.m.m.a.ExceptionHandlerExceptionResolver - Resolved [org.mybatis.spring.MyBatisSystemException: nested exception is org.apache.ibatis.reflection.ReflectionException: There is no getter for property named 'alarmType' in 'class com.kiwihouse.vo.kiwihouse.AlmQueryVo']
2020-09-21 11:06:34.420 [restartedMain] WARN  org.apache.tomcat.util.modeler.Registry - The MBean registry cannot be disabled because it has already been initialised
2020-09-21 11:13:58.967 [restartedMain] WARN  org.apache.tomcat.util.modeler.Registry - The MBean registry cannot be disabled because it has already been initialised
2020-09-21 11:36:09.322 [http-nio-8001-exec-3] WARN  o.s.w.s.m.m.a.ExceptionHandlerExceptionResolver - Resolved [org.springframework.jdbc.BadSqlGrammarException: 
### Error querying database.  Cause: java.sql.SQLSyntaxErrorException: You have an error in your SQL syntax; check the manual that corresponds to your MySQL server version for the right syntax to use near 'where 1= 1
			SELECT DATA_JSON,ADD_TIME,TYPE FROM dev_info 
			 WHERE  imei = '8' at line 1
### The error may exist in file [C:\Users\cmx\git\SxxGDZB-customization\serverv2\target\classes\mapper\DevInfoMapper.xml]
### The error may involve com.kiwihouse.dao.mapper.DevInfoMapper.selectDevByNewTime-Inline
### The error occurred while setting parameters
### SQL: where 1= 1    SELECT DATA_JSON,ADD_TIME,TYPE FROM dev_info      WHERE  imei = ?                AND type = ?
### Cause: java.sql.SQLSyntaxErrorException: You have an error in your SQL syntax; check the manual that corresponds to your MySQL server version for the right syntax to use near 'where 1= 1
			SELECT DATA_JSON,ADD_TIME,TYPE FROM dev_info 
			 WHERE  imei = '8' at line 1
; bad SQL grammar []; nested exception is java.sql.SQLSyntaxErrorException: You have an error in your SQL syntax; check the manual that corresponds to your MySQL server version for the right syntax to use near 'where 1= 1
			SELECT DATA_JSON,ADD_TIME,TYPE FROM dev_info 
			 WHERE  imei = '8' at line 1]
2020-09-21 11:36:43.824 [http-nio-8001-exec-7] WARN  o.s.w.s.m.m.a.ExceptionHandlerExceptionResolver - Resolved [org.springframework.jdbc.BadSqlGrammarException: 
### Error querying database.  Cause: java.sql.SQLSyntaxErrorException: You have an error in your SQL syntax; check the manual that corresponds to your MySQL server version for the right syntax to use near 'where 1= 1
			SELECT DATA_JSON,ADD_TIME,TYPE FROM dev_info 
			 WHERE  imei = '8' at line 1
### The error may exist in file [C:\Users\cmx\git\SxxGDZB-customization\serverv2\target\classes\mapper\DevInfoMapper.xml]
### The error may involve com.kiwihouse.dao.mapper.DevInfoMapper.selectDevByNewTime-Inline
### The error occurred while setting parameters
### SQL: where 1= 1    SELECT DATA_JSON,ADD_TIME,TYPE FROM dev_info      WHERE  imei = ?                AND type = ?
### Cause: java.sql.SQLSyntaxErrorException: You have an error in your SQL syntax; check the manual that corresponds to your MySQL server version for the right syntax to use near 'where 1= 1
			SELECT DATA_JSON,ADD_TIME,TYPE FROM dev_info 
			 WHERE  imei = '8' at line 1
; bad SQL grammar []; nested exception is java.sql.SQLSyntaxErrorException: You have an error in your SQL syntax; check the manual that corresponds to your MySQL server version for the right syntax to use near 'where 1= 1
			SELECT DATA_JSON,ADD_TIME,TYPE FROM dev_info 
			 WHERE  imei = '8' at line 1]
2020-09-21 11:37:49.331 [http-nio-8001-exec-9] WARN  o.s.w.s.m.m.a.ExceptionHandlerExceptionResolver - Resolved [org.springframework.jdbc.BadSqlGrammarException: 
### Error querying database.  Cause: java.sql.SQLSyntaxErrorException: You have an error in your SQL syntax; check the manual that corresponds to your MySQL server version for the right syntax to use near 'where 1= 1
			SELECT DATA_JSON,ADD_TIME,TYPE FROM dev_info 
			 WHERE  imei = '8' at line 1
### The error may exist in file [C:\Users\cmx\git\SxxGDZB-customization\serverv2\target\classes\mapper\DevInfoMapper.xml]
### The error may involve com.kiwihouse.dao.mapper.DevInfoMapper.selectDevByNewTime-Inline
### The error occurred while setting parameters
### SQL: where 1= 1    SELECT DATA_JSON,ADD_TIME,TYPE FROM dev_info      WHERE  imei = ?                AND type = ?
### Cause: java.sql.SQLSyntaxErrorException: You have an error in your SQL syntax; check the manual that corresponds to your MySQL server version for the right syntax to use near 'where 1= 1
			SELECT DATA_JSON,ADD_TIME,TYPE FROM dev_info 
			 WHERE  imei = '8' at line 1
; bad SQL grammar []; nested exception is java.sql.SQLSyntaxErrorException: You have an error in your SQL syntax; check the manual that corresponds to your MySQL server version for the right syntax to use near 'where 1= 1
			SELECT DATA_JSON,ADD_TIME,TYPE FROM dev_info 
			 WHERE  imei = '8' at line 1]
2020-09-21 11:38:14.798 [restartedMain] WARN  org.apache.tomcat.util.modeler.Registry - The MBean registry cannot be disabled because it has already been initialised
2020-09-21 11:42:44.348 [restartedMain] WARN  org.apache.tomcat.util.modeler.Registry - The MBean registry cannot be disabled because it has already been initialised
2020-09-21 11:42:49.521 [restartedMain] WARN  org.apache.tomcat.util.modeler.Registry - The MBean registry cannot be disabled because it has already been initialised
2020-09-21 11:50:33.238 [restartedMain] WARN  org.apache.tomcat.util.modeler.Registry - The MBean registry cannot be disabled because it has already been initialised
2020-09-21 11:50:57.341 [http-nio-8001-exec-2] WARN  o.s.w.s.m.m.a.ExceptionHandlerExceptionResolver - Resolved [java.lang.NumberFormatException: For input string: ""]
2020-09-21 11:51:34.994 [http-nio-8001-exec-5] WARN  o.s.w.s.m.m.a.ExceptionHandlerExceptionResolver - Resolved [java.lang.NumberFormatException: For input string: ""]
2020-09-21 11:52:20.306 [http-nio-8001-exec-9] WARN  o.s.w.s.m.m.a.ExceptionHandlerExceptionResolver - Resolved [java.lang.NumberFormatException: For input string: ""]
2020-09-21 11:53:12.624 [restartedMain] WARN  org.apache.tomcat.util.modeler.Registry - The MBean registry cannot be disabled because it has already been initialised
2020-09-21 11:53:28.515 [http-nio-8001-exec-2] WARN  o.s.w.s.m.m.a.ExceptionHandlerExceptionResolver - Resolved [java.lang.NumberFormatException: For input string: ""]
2020-09-21 11:54:07.462 [restartedMain] WARN  org.apache.tomcat.util.modeler.Registry - The MBean registry cannot be disabled because it has already been initialised
2020-09-21 13:42:54.039 [restartedMain] WARN  org.apache.tomcat.util.modeler.Registry - The MBean registry cannot be disabled because it has already been initialised
2020-09-21 13:47:32.957 [restartedMain] WARN  org.apache.tomcat.util.modeler.Registry - The MBean registry cannot be disabled because it has already been initialised
2020-09-21 13:48:33.797 [http-nio-8001-exec-4] WARN  o.s.w.s.m.m.a.ExceptionHandlerExceptionResolver - Resolved [java.lang.NullPointerException]
2020-09-21 13:49:09.809 [http-nio-8001-exec-3] WARN  o.s.w.s.m.m.a.ExceptionHandlerExceptionResolver - Resolved [java.lang.NullPointerException]
2020-09-21 13:53:35.531 [restartedMain] WARN  org.apache.tomcat.util.modeler.Registry - The MBean registry cannot be disabled because it has already been initialised
2020-09-21 13:53:39.972 [http-nio-8001-exec-9] WARN  o.s.w.s.m.m.a.ExceptionHandlerExceptionResolver - Resolved [java.lang.NullPointerException]
2020-09-21 13:54:08.586 [restartedMain] WARN  org.apache.tomcat.util.modeler.Registry - The MBean registry cannot be disabled because it has already been initialised
2020-09-21 13:54:12.181 [http-nio-8001-exec-10] WARN  o.s.w.s.m.m.a.ExceptionHandlerExceptionResolver - Resolved [java.lang.NullPointerException]
2020-09-21 13:54:30.219 [restartedMain] WARN  org.apache.tomcat.util.modeler.Registry - The MBean registry cannot be disabled because it has already been initialised
2020-09-21 13:54:33.645 [http-nio-8001-exec-8] WARN  o.s.w.s.m.m.a.ExceptionHandlerExceptionResolver - Resolved [java.lang.NullPointerException]
2020-09-21 13:54:40.724 [http-nio-8001-exec-1] WARN  o.s.w.s.m.m.a.ExceptionHandlerExceptionResolver - Resolved [java.lang.NullPointerException]
2020-09-21 13:55:04.785 [restartedMain] WARN  org.apache.tomcat.util.modeler.Registry - The MBean registry cannot be disabled because it has already been initialised
2020-09-21 13:55:08.589 [http-nio-8001-exec-9] WARN  o.s.w.s.m.m.a.ExceptionHandlerExceptionResolver - Resolved [java.lang.NullPointerException]
2020-09-21 13:55:14.755 [http-nio-8001-exec-10] WARN  o.s.w.s.m.m.a.ExceptionHandlerExceptionResolver - Resolved [java.lang.NullPointerException]
2020-09-21 13:55:33.578 [restartedMain] WARN  org.apache.tomcat.util.modeler.Registry - The MBean registry cannot be disabled because it has already been initialised
2020-09-21 14:01:55.484 [restartedMain] WARN  org.apache.tomcat.util.modeler.Registry - The MBean registry cannot be disabled because it has already been initialised
2020-09-21 14:02:11.154 [restartedMain] WARN  org.apache.tomcat.util.modeler.Registry - The MBean registry cannot be disabled because it has already been initialised
2020-09-21 14:02:16.176 [http-nio-8001-exec-2] WARN  org.apache.shiro.authc.AbstractAuthenticator - Authentication failed for token submission [JwtToken(ipHost=0:0:0:0:0:0:0:1, deviceInfo=null, jwt=eyJhbGciOiJIUzUxMiIsInppcCI6IkRFRiJ9.eNosjEsOwyAMRO_iNUh2-ITmMhUIL0jbpAISVap69wLKavyePPOFtSZYIFKc3Wy8ZKOU1C4EeUMVO2KYJtY6EAgoR2jPPr7S1iiV0qjuD95k4Xxy7tJXWMgiWoNIJIA_70tYN0Ten9yLPe9jS4zzaBvw-wMAAP__.9fkGElspwzxISwRfDHy8zdCmTsBTW74RAlPKUVv6Iweexsw3kDgcebUtpMvWnLK1cRKtsiwWnNnzfugoVIo6vA)].  Possible unexpected error? (Typical or expected login exceptions should extend from AuthenticationException).
io.jsonwebtoken.ExpiredJwtException: JWT expired at 2020-09-21T14:00:11Z. Current time: 2020-09-21T14:02:16Z, a difference of 125175 milliseconds.  Allowed clock skew: 0 milliseconds.
	at io.jsonwebtoken.impl.DefaultJwtParser.parse(DefaultJwtParser.java:385)
	at io.jsonwebtoken.impl.DefaultJwtParser.parse(DefaultJwtParser.java:481)
	at io.jsonwebtoken.impl.DefaultJwtParser.parseClaimsJws(DefaultJwtParser.java:541)
	at com.kiwihouse.util.JsonWebTokenUtil.parseJwt(JsonWebTokenUtil.java:150)
	at com.kiwihouse.shiro.matcher.JwtMatcher.doCredentialsMatch(JwtMatcher.java:31)
	at org.apache.shiro.realm.AuthenticatingRealm.assertCredentialsMatch(AuthenticatingRealm.java:600)
	at org.apache.shiro.realm.AuthenticatingRealm.getAuthenticationInfo(AuthenticatingRealm.java:581)
	at org.apache.shiro.authc.pam.ModularRealmAuthenticator.doSingleRealmAuthentication(ModularRealmAuthenticator.java:180)
	at com.kiwihouse.shiro.realm.AonModularRealmAuthenticator.doAuthenticate(AonModularRealmAuthenticator.java:30)
	at org.apache.shiro.authc.AbstractAuthenticator.authenticate(AbstractAuthenticator.java:198)
	at org.apache.shiro.mgt.AuthenticatingSecurityManager.authenticate(AuthenticatingSecurityManager.java:106)
	at org.apache.shiro.mgt.DefaultSecurityManager.login(DefaultSecurityManager.java:275)
	at org.apache.shiro.subject.support.DelegatingSubject.login(DelegatingSubject.java:260)
	at com.kiwihouse.shiro.filter.JwtFilter.isAccessAllowed(JwtFilter.java:63)
	at com.kiwihouse.shiro.filter.AbstractPathMatchingFilter.onPreHandle(AbstractPathMatchingFilter.java:83)
	at org.apache.shiro.web.filter.PathMatchingFilter.isFilterChainContinued(PathMatchingFilter.java:214)
	at org.apache.shiro.web.filter.PathMatchingFilter.preHandle(PathMatchingFilter.java:189)
	at org.apache.shiro.web.servlet.AdviceFilter.doFilterInternal(AdviceFilter.java:131)
	at org.apache.shiro.web.servlet.OncePerRequestFilter.doFilter(OncePerRequestFilter.java:125)
	at org.apache.shiro.web.servlet.ProxiedFilterChain.doFilter(ProxiedFilterChain.java:66)
	at org.apache.shiro.web.servlet.AbstractShiroFilter.executeChain(AbstractShiroFilter.java:449)
	at org.apache.shiro.web.servlet.AbstractShiroFilter$1.call(AbstractShiroFilter.java:365)
	at org.apache.shiro.subject.support.SubjectCallable.doCall(SubjectCallable.java:90)
	at org.apache.shiro.subject.support.SubjectCallable.call(SubjectCallable.java:83)
	at org.apache.shiro.subject.support.DelegatingSubject.execute(DelegatingSubject.java:387)
	at org.apache.shiro.web.servlet.AbstractShiroFilter.doFilterInternal(AbstractShiroFilter.java:362)
	at org.apache.shiro.web.servlet.OncePerRequestFilter.doFilter(OncePerRequestFilter.java:125)
	at org.apache.catalina.core.ApplicationFilterChain.internalDoFilter(ApplicationFilterChain.java:193)
	at org.apache.catalina.core.ApplicationFilterChain.doFilter(ApplicationFilterChain.java:166)
	at com.kiwihouse.support.XssSqlFilter.doFilter(XssSqlFilter.java:29)
	at org.apache.catalina.core.ApplicationFilterChain.internalDoFilter(ApplicationFilterChain.java:193)
	at org.apache.catalina.core.ApplicationFilterChain.doFilter(ApplicationFilterChain.java:166)
	at com.alibaba.druid.support.http.WebStatFilter.doFilter(WebStatFilter.java:124)
	at org.apache.catalina.core.ApplicationFilterChain.internalDoFilter(ApplicationFilterChain.java:193)
	at org.apache.catalina.core.ApplicationFilterChain.doFilter(ApplicationFilterChain.java:166)
	at org.springframework.web.filter.RequestContextFilter.doFilterInternal(RequestContextFilter.java:100)
	at org.springframework.web.filter.OncePerRequestFilter.doFilter(OncePerRequestFilter.java:119)
	at org.apache.catalina.core.ApplicationFilterChain.internalDoFilter(ApplicationFilterChain.java:193)
	at org.apache.catalina.core.ApplicationFilterChain.doFilter(ApplicationFilterChain.java:166)
	at org.springframework.web.filter.FormContentFilter.doFilterInternal(FormContentFilter.java:93)
	at org.springframework.web.filter.OncePerRequestFilter.doFilter(OncePerRequestFilter.java:119)
	at org.apache.catalina.core.ApplicationFilterChain.internalDoFilter(ApplicationFilterChain.java:193)
	at org.apache.catalina.core.ApplicationFilterChain.doFilter(ApplicationFilterChain.java:166)
	at org.springframework.web.filter.HiddenHttpMethodFilter.doFilterInternal(HiddenHttpMethodFilter.java:94)
	at org.springframework.web.filter.OncePerRequestFilter.doFilter(OncePerRequestFilter.java:119)
	at org.apache.catalina.core.ApplicationFilterChain.internalDoFilter(ApplicationFilterChain.java:193)
	at org.apache.catalina.core.ApplicationFilterChain.doFilter(ApplicationFilterChain.java:166)
	at org.springframework.web.filter.CharacterEncodingFilter.doFilterInternal(CharacterEncodingFilter.java:201)
	at org.springframework.web.filter.OncePerRequestFilter.doFilter(OncePerRequestFilter.java:119)
	at org.apache.catalina.core.ApplicationFilterChain.internalDoFilter(ApplicationFilterChain.java:193)
	at org.apache.catalina.core.ApplicationFilterChain.doFilter(ApplicationFilterChain.java:166)
	at org.springframework.web.filter.CorsFilter.doFilterInternal(CorsFilter.java:92)
	at org.springframework.web.filter.OncePerRequestFilter.doFilter(OncePerRequestFilter.java:119)
	at org.apache.catalina.core.ApplicationFilterChain.internalDoFilter(ApplicationFilterChain.java:193)
	at org.apache.catalina.core.ApplicationFilterChain.doFilter(ApplicationFilterChain.java:166)
	at org.apache.catalina.core.StandardWrapperValve.invoke(StandardWrapperValve.java:202)
	at org.apache.catalina.core.StandardContextValve.invoke(StandardContextValve.java:96)
	at org.apache.catalina.authenticator.AuthenticatorBase.invoke(AuthenticatorBase.java:526)
	at org.apache.catalina.core.StandardHostValve.invoke(StandardHostValve.java:139)
	at org.apache.catalina.valves.ErrorReportValve.invoke(ErrorReportValve.java:92)
	at org.apache.catalina.core.StandardEngineValve.invoke(StandardEngineValve.java:74)
	at org.apache.catalina.connector.CoyoteAdapter.service(CoyoteAdapter.java:343)
	at org.apache.coyote.http11.Http11Processor.service(Http11Processor.java:367)
	at org.apache.coyote.AbstractProcessorLight.process(AbstractProcessorLight.java:65)
	at org.apache.coyote.AbstractProtocol$ConnectionHandler.process(AbstractProtocol.java:860)
	at org.apache.tomcat.util.net.NioEndpoint$SocketProcessor.doRun(NioEndpoint.java:1591)
	at org.apache.tomcat.util.net.SocketProcessorBase.run(SocketProcessorBase.java:49)
	at java.util.concurrent.ThreadPoolExecutor.runWorker(ThreadPoolExecutor.java:1142)
	at java.util.concurrent.ThreadPoolExecutor$Worker.run(ThreadPoolExecutor.java:617)
	at org.apache.tomcat.util.threads.TaskThread$WrappingRunnable.run(TaskThread.java:61)
	at java.lang.Thread.run(Thread.java:745)
2020-09-21 14:02:16.255 [http-nio-8001-exec-3] WARN  org.apache.shiro.authc.AbstractAuthenticator - Authentication failed for token submission [JwtToken(ipHost=0:0:0:0:0:0:0:1, deviceInfo=null, jwt=eyJhbGciOiJIUzUxMiIsInppcCI6IkRFRiJ9.eNosjEsOwyAMRO_iNUh2-ITmMhUIL0jbpAISVap69wLKavyePPOFtSZYIFKc3Wy8ZKOU1C4EeUMVO2KYJtY6EAgoR2jPPr7S1iiV0qjuD95k4Xxy7tJXWMgiWoNIJIA_70tYN0Ten9yLPe9jS4zzaBvw-wMAAP__.9fkGElspwzxISwRfDHy8zdCmTsBTW74RAlPKUVv6Iweexsw3kDgcebUtpMvWnLK1cRKtsiwWnNnzfugoVIo6vA)].  Possible unexpected error? (Typical or expected login exceptions should extend from AuthenticationException).
io.jsonwebtoken.ExpiredJwtException: JWT expired at 2020-09-21T14:00:11Z. Current time: 2020-09-21T14:02:16Z, a difference of 125254 milliseconds.  Allowed clock skew: 0 milliseconds.
	at io.jsonwebtoken.impl.DefaultJwtParser.parse(DefaultJwtParser.java:385)
	at io.jsonwebtoken.impl.DefaultJwtParser.parse(DefaultJwtParser.java:481)
	at io.jsonwebtoken.impl.DefaultJwtParser.parseClaimsJws(DefaultJwtParser.java:541)
	at com.kiwihouse.util.JsonWebTokenUtil.parseJwt(JsonWebTokenUtil.java:150)
	at com.kiwihouse.shiro.matcher.JwtMatcher.doCredentialsMatch(JwtMatcher.java:31)
	at org.apache.shiro.realm.AuthenticatingRealm.assertCredentialsMatch(AuthenticatingRealm.java:600)
	at org.apache.shiro.realm.AuthenticatingRealm.getAuthenticationInfo(AuthenticatingRealm.java:581)
	at org.apache.shiro.authc.pam.ModularRealmAuthenticator.doSingleRealmAuthentication(ModularRealmAuthenticator.java:180)
	at com.kiwihouse.shiro.realm.AonModularRealmAuthenticator.doAuthenticate(AonModularRealmAuthenticator.java:30)
	at org.apache.shiro.authc.AbstractAuthenticator.authenticate(AbstractAuthenticator.java:198)
	at org.apache.shiro.mgt.AuthenticatingSecurityManager.authenticate(AuthenticatingSecurityManager.java:106)
	at org.apache.shiro.mgt.DefaultSecurityManager.login(DefaultSecurityManager.java:275)
	at org.apache.shiro.subject.support.DelegatingSubject.login(DelegatingSubject.java:260)
	at com.kiwihouse.shiro.filter.JwtFilter.isAccessAllowed(JwtFilter.java:63)
	at com.kiwihouse.shiro.filter.AbstractPathMatchingFilter.onPreHandle(AbstractPathMatchingFilter.java:83)
	at org.apache.shiro.web.filter.PathMatchingFilter.isFilterChainContinued(PathMatchingFilter.java:214)
	at org.apache.shiro.web.filter.PathMatchingFilter.preHandle(PathMatchingFilter.java:189)
	at org.apache.shiro.web.servlet.AdviceFilter.doFilterInternal(AdviceFilter.java:131)
	at org.apache.shiro.web.servlet.OncePerRequestFilter.doFilter(OncePerRequestFilter.java:125)
	at org.apache.shiro.web.servlet.ProxiedFilterChain.doFilter(ProxiedFilterChain.java:66)
	at org.apache.shiro.web.servlet.AbstractShiroFilter.executeChain(AbstractShiroFilter.java:449)
	at org.apache.shiro.web.servlet.AbstractShiroFilter$1.call(AbstractShiroFilter.java:365)
	at org.apache.shiro.subject.support.SubjectCallable.doCall(SubjectCallable.java:90)
	at org.apache.shiro.subject.support.SubjectCallable.call(SubjectCallable.java:83)
	at org.apache.shiro.subject.support.DelegatingSubject.execute(DelegatingSubject.java:387)
	at org.apache.shiro.web.servlet.AbstractShiroFilter.doFilterInternal(AbstractShiroFilter.java:362)
	at org.apache.shiro.web.servlet.OncePerRequestFilter.doFilter(OncePerRequestFilter.java:125)
	at org.apache.catalina.core.ApplicationFilterChain.internalDoFilter(ApplicationFilterChain.java:193)
	at org.apache.catalina.core.ApplicationFilterChain.doFilter(ApplicationFilterChain.java:166)
	at com.kiwihouse.support.XssSqlFilter.doFilter(XssSqlFilter.java:29)
	at org.apache.catalina.core.ApplicationFilterChain.internalDoFilter(ApplicationFilterChain.java:193)
	at org.apache.catalina.core.ApplicationFilterChain.doFilter(ApplicationFilterChain.java:166)
	at com.alibaba.druid.support.http.WebStatFilter.doFilter(WebStatFilter.java:124)
	at org.apache.catalina.core.ApplicationFilterChain.internalDoFilter(ApplicationFilterChain.java:193)
	at org.apache.catalina.core.ApplicationFilterChain.doFilter(ApplicationFilterChain.java:166)
	at org.springframework.web.filter.RequestContextFilter.doFilterInternal(RequestContextFilter.java:100)
	at org.springframework.web.filter.OncePerRequestFilter.doFilter(OncePerRequestFilter.java:119)
	at org.apache.catalina.core.ApplicationFilterChain.internalDoFilter(ApplicationFilterChain.java:193)
	at org.apache.catalina.core.ApplicationFilterChain.doFilter(ApplicationFilterChain.java:166)
	at org.springframework.web.filter.FormContentFilter.doFilterInternal(FormContentFilter.java:93)
	at org.springframework.web.filter.OncePerRequestFilter.doFilter(OncePerRequestFilter.java:119)
	at org.apache.catalina.core.ApplicationFilterChain.internalDoFilter(ApplicationFilterChain.java:193)
	at org.apache.catalina.core.ApplicationFilterChain.doFilter(ApplicationFilterChain.java:166)
	at org.springframework.web.filter.HiddenHttpMethodFilter.doFilterInternal(HiddenHttpMethodFilter.java:94)
	at org.springframework.web.filter.OncePerRequestFilter.doFilter(OncePerRequestFilter.java:119)
	at org.apache.catalina.core.ApplicationFilterChain.internalDoFilter(ApplicationFilterChain.java:193)
	at org.apache.catalina.core.ApplicationFilterChain.doFilter(ApplicationFilterChain.java:166)
	at org.springframework.web.filter.CharacterEncodingFilter.doFilterInternal(CharacterEncodingFilter.java:201)
	at org.springframework.web.filter.OncePerRequestFilter.doFilter(OncePerRequestFilter.java:119)
	at org.apache.catalina.core.ApplicationFilterChain.internalDoFilter(ApplicationFilterChain.java:193)
	at org.apache.catalina.core.ApplicationFilterChain.doFilter(ApplicationFilterChain.java:166)
	at org.springframework.web.filter.CorsFilter.doFilterInternal(CorsFilter.java:92)
	at org.springframework.web.filter.OncePerRequestFilter.doFilter(OncePerRequestFilter.java:119)
	at org.apache.catalina.core.ApplicationFilterChain.internalDoFilter(ApplicationFilterChain.java:193)
	at org.apache.catalina.core.ApplicationFilterChain.doFilter(ApplicationFilterChain.java:166)
	at org.apache.catalina.core.StandardWrapperValve.invoke(StandardWrapperValve.java:202)
	at org.apache.catalina.core.StandardContextValve.invoke(StandardContextValve.java:96)
	at org.apache.catalina.authenticator.AuthenticatorBase.invoke(AuthenticatorBase.java:526)
	at org.apache.catalina.core.StandardHostValve.invoke(StandardHostValve.java:139)
	at org.apache.catalina.valves.ErrorReportValve.invoke(ErrorReportValve.java:92)
	at org.apache.catalina.core.StandardEngineValve.invoke(StandardEngineValve.java:74)
	at org.apache.catalina.connector.CoyoteAdapter.service(CoyoteAdapter.java:343)
	at org.apache.coyote.http11.Http11Processor.service(Http11Processor.java:367)
	at org.apache.coyote.AbstractProcessorLight.process(AbstractProcessorLight.java:65)
	at org.apache.coyote.AbstractProtocol$ConnectionHandler.process(AbstractProtocol.java:860)
	at org.apache.tomcat.util.net.NioEndpoint$SocketProcessor.doRun(NioEndpoint.java:1591)
	at org.apache.tomcat.util.net.SocketProcessorBase.run(SocketProcessorBase.java:49)
	at java.util.concurrent.ThreadPoolExecutor.runWorker(ThreadPoolExecutor.java:1142)
	at java.util.concurrent.ThreadPoolExecutor$Worker.run(ThreadPoolExecutor.java:617)
	at org.apache.tomcat.util.threads.TaskThread$WrappingRunnable.run(TaskThread.java:61)
	at java.lang.Thread.run(Thread.java:745)
2020-09-21 14:02:16.271 [http-nio-8001-exec-4] WARN  org.apache.shiro.authc.AbstractAuthenticator - Authentication failed for token submission [JwtToken(ipHost=0:0:0:0:0:0:0:1, deviceInfo=null, jwt=eyJhbGciOiJIUzUxMiIsInppcCI6IkRFRiJ9.eNosjEsOwyAMRO_iNUh2-ITmMhUIL0jbpAISVap69wLKavyePPOFtSZYIFKc3Wy8ZKOU1C4EeUMVO2KYJtY6EAgoR2jPPr7S1iiV0qjuD95k4Xxy7tJXWMgiWoNIJIA_70tYN0Ten9yLPe9jS4zzaBvw-wMAAP__.9fkGElspwzxISwRfDHy8zdCmTsBTW74RAlPKUVv6Iweexsw3kDgcebUtpMvWnLK1cRKtsiwWnNnzfugoVIo6vA)].  Possible unexpected error? (Typical or expected login exceptions should extend from AuthenticationException).
io.jsonwebtoken.ExpiredJwtException: JWT expired at 2020-09-21T14:00:11Z. Current time: 2020-09-21T14:02:16Z, a difference of 125271 milliseconds.  Allowed clock skew: 0 milliseconds.
	at io.jsonwebtoken.impl.DefaultJwtParser.parse(DefaultJwtParser.java:385)
	at io.jsonwebtoken.impl.DefaultJwtParser.parse(DefaultJwtParser.java:481)
	at io.jsonwebtoken.impl.DefaultJwtParser.parseClaimsJws(DefaultJwtParser.java:541)
	at com.kiwihouse.util.JsonWebTokenUtil.parseJwt(JsonWebTokenUtil.java:150)
	at com.kiwihouse.shiro.matcher.JwtMatcher.doCredentialsMatch(JwtMatcher.java:31)
	at org.apache.shiro.realm.AuthenticatingRealm.assertCredentialsMatch(AuthenticatingRealm.java:600)
	at org.apache.shiro.realm.AuthenticatingRealm.getAuthenticationInfo(AuthenticatingRealm.java:581)
	at org.apache.shiro.authc.pam.ModularRealmAuthenticator.doSingleRealmAuthentication(ModularRealmAuthenticator.java:180)
	at com.kiwihouse.shiro.realm.AonModularRealmAuthenticator.doAuthenticate(AonModularRealmAuthenticator.java:30)
	at org.apache.shiro.authc.AbstractAuthenticator.authenticate(AbstractAuthenticator.java:198)
	at org.apache.shiro.mgt.AuthenticatingSecurityManager.authenticate(AuthenticatingSecurityManager.java:106)
	at org.apache.shiro.mgt.DefaultSecurityManager.login(DefaultSecurityManager.java:275)
	at org.apache.shiro.subject.support.DelegatingSubject.login(DelegatingSubject.java:260)
	at com.kiwihouse.shiro.filter.JwtFilter.isAccessAllowed(JwtFilter.java:63)
	at com.kiwihouse.shiro.filter.AbstractPathMatchingFilter.onPreHandle(AbstractPathMatchingFilter.java:83)
	at org.apache.shiro.web.filter.PathMatchingFilter.isFilterChainContinued(PathMatchingFilter.java:214)
	at org.apache.shiro.web.filter.PathMatchingFilter.preHandle(PathMatchingFilter.java:189)
	at org.apache.shiro.web.servlet.AdviceFilter.doFilterInternal(AdviceFilter.java:131)
	at org.apache.shiro.web.servlet.OncePerRequestFilter.doFilter(OncePerRequestFilter.java:125)
	at org.apache.shiro.web.servlet.ProxiedFilterChain.doFilter(ProxiedFilterChain.java:66)
	at org.apache.shiro.web.servlet.AbstractShiroFilter.executeChain(AbstractShiroFilter.java:449)
	at org.apache.shiro.web.servlet.AbstractShiroFilter$1.call(AbstractShiroFilter.java:365)
	at org.apache.shiro.subject.support.SubjectCallable.doCall(SubjectCallable.java:90)
	at org.apache.shiro.subject.support.SubjectCallable.call(SubjectCallable.java:83)
	at org.apache.shiro.subject.support.DelegatingSubject.execute(DelegatingSubject.java:387)
	at org.apache.shiro.web.servlet.AbstractShiroFilter.doFilterInternal(AbstractShiroFilter.java:362)
	at org.apache.shiro.web.servlet.OncePerRequestFilter.doFilter(OncePerRequestFilter.java:125)
	at org.apache.catalina.core.ApplicationFilterChain.internalDoFilter(ApplicationFilterChain.java:193)
	at org.apache.catalina.core.ApplicationFilterChain.doFilter(ApplicationFilterChain.java:166)
	at com.kiwihouse.support.XssSqlFilter.doFilter(XssSqlFilter.java:29)
	at org.apache.catalina.core.ApplicationFilterChain.internalDoFilter(ApplicationFilterChain.java:193)
	at org.apache.catalina.core.ApplicationFilterChain.doFilter(ApplicationFilterChain.java:166)
	at com.alibaba.druid.support.http.WebStatFilter.doFilter(WebStatFilter.java:124)
	at org.apache.catalina.core.ApplicationFilterChain.internalDoFilter(ApplicationFilterChain.java:193)
	at org.apache.catalina.core.ApplicationFilterChain.doFilter(ApplicationFilterChain.java:166)
	at org.springframework.web.filter.RequestContextFilter.doFilterInternal(RequestContextFilter.java:100)
	at org.springframework.web.filter.OncePerRequestFilter.doFilter(OncePerRequestFilter.java:119)
	at org.apache.catalina.core.ApplicationFilterChain.internalDoFilter(ApplicationFilterChain.java:193)
	at org.apache.catalina.core.ApplicationFilterChain.doFilter(ApplicationFilterChain.java:166)
	at org.springframework.web.filter.FormContentFilter.doFilterInternal(FormContentFilter.java:93)
	at org.springframework.web.filter.OncePerRequestFilter.doFilter(OncePerRequestFilter.java:119)
	at org.apache.catalina.core.ApplicationFilterChain.internalDoFilter(ApplicationFilterChain.java:193)
	at org.apache.catalina.core.ApplicationFilterChain.doFilter(ApplicationFilterChain.java:166)
	at org.springframework.web.filter.HiddenHttpMethodFilter.doFilterInternal(HiddenHttpMethodFilter.java:94)
	at org.springframework.web.filter.OncePerRequestFilter.doFilter(OncePerRequestFilter.java:119)
	at org.apache.catalina.core.ApplicationFilterChain.internalDoFilter(ApplicationFilterChain.java:193)
	at org.apache.catalina.core.ApplicationFilterChain.doFilter(ApplicationFilterChain.java:166)
	at org.springframework.web.filter.CharacterEncodingFilter.doFilterInternal(CharacterEncodingFilter.java:201)
	at org.springframework.web.filter.OncePerRequestFilter.doFilter(OncePerRequestFilter.java:119)
	at org.apache.catalina.core.ApplicationFilterChain.internalDoFilter(ApplicationFilterChain.java:193)
	at org.apache.catalina.core.ApplicationFilterChain.doFilter(ApplicationFilterChain.java:166)
	at org.springframework.web.filter.CorsFilter.doFilterInternal(CorsFilter.java:92)
	at org.springframework.web.filter.OncePerRequestFilter.doFilter(OncePerRequestFilter.java:119)
	at org.apache.catalina.core.ApplicationFilterChain.internalDoFilter(ApplicationFilterChain.java:193)
	at org.apache.catalina.core.ApplicationFilterChain.doFilter(ApplicationFilterChain.java:166)
	at org.apache.catalina.core.StandardWrapperValve.invoke(StandardWrapperValve.java:202)
	at org.apache.catalina.core.StandardContextValve.invoke(StandardContextValve.java:96)
	at org.apache.catalina.authenticator.AuthenticatorBase.invoke(AuthenticatorBase.java:526)
	at org.apache.catalina.core.StandardHostValve.invoke(StandardHostValve.java:139)
	at org.apache.catalina.valves.ErrorReportValve.invoke(ErrorReportValve.java:92)
	at org.apache.catalina.core.StandardEngineValve.invoke(StandardEngineValve.java:74)
	at org.apache.catalina.connector.CoyoteAdapter.service(CoyoteAdapter.java:343)
	at org.apache.coyote.http11.Http11Processor.service(Http11Processor.java:367)
	at org.apache.coyote.AbstractProcessorLight.process(AbstractProcessorLight.java:65)
	at org.apache.coyote.AbstractProtocol$ConnectionHandler.process(AbstractProtocol.java:860)
	at org.apache.tomcat.util.net.NioEndpoint$SocketProcessor.doRun(NioEndpoint.java:1591)
	at org.apache.tomcat.util.net.SocketProcessorBase.run(SocketProcessorBase.java:49)
	at java.util.concurrent.ThreadPoolExecutor.runWorker(ThreadPoolExecutor.java:1142)
	at java.util.concurrent.ThreadPoolExecutor$Worker.run(ThreadPoolExecutor.java:617)
	at org.apache.tomcat.util.threads.TaskThread$WrappingRunnable.run(TaskThread.java:61)
	at java.lang.Thread.run(Thread.java:745)
2020-09-21 14:18:18.676 [restartedMain] WARN  org.apache.tomcat.util.modeler.Registry - The MBean registry cannot be disabled because it has already been initialised
2020-09-21 14:18:55.012 [restartedMain] WARN  org.apache.tomcat.util.modeler.Registry - The MBean registry cannot be disabled because it has already been initialised
2020-09-21 14:20:47.240 [restartedMain] WARN  org.apache.tomcat.util.modeler.Registry - The MBean registry cannot be disabled because it has already been initialised
2020-09-21 14:20:57.114 [restartedMain] WARN  org.apache.tomcat.util.modeler.Registry - The MBean registry cannot be disabled because it has already been initialised
2020-09-21 14:21:55.078 [restartedMain] WARN  org.apache.tomcat.util.modeler.Registry - The MBean registry cannot be disabled because it has already been initialised
2020-09-21 14:22:03.712 [restartedMain] WARN  org.apache.tomcat.util.modeler.Registry - The MBean registry cannot be disabled because it has already been initialised
2020-09-21 14:25:34.418 [restartedMain] WARN  org.apache.tomcat.util.modeler.Registry - The MBean registry cannot be disabled because it has already been initialised
2020-09-21 14:25:54.539 [restartedMain] WARN  org.apache.tomcat.util.modeler.Registry - The MBean registry cannot be disabled because it has already been initialised
2020-09-21 14:35:57.618 [restartedMain] WARN  org.apache.tomcat.util.modeler.Registry - The MBean registry cannot be disabled because it has already been initialised
2020-09-21 14:58:48.832 [restartedMain] WARN  org.apache.tomcat.util.modeler.Registry - The MBean registry cannot be disabled because it has already been initialised
2020-09-21 14:59:18.664 [restartedMain] WARN  org.apache.tomcat.util.modeler.Registry - The MBean registry cannot be disabled because it has already been initialised
2020-09-21 15:20:46.337 [restartedMain] WARN  org.apache.tomcat.util.modeler.Registry - The MBean registry cannot be disabled because it has already been initialised
2020-09-21 15:21:12.542 [restartedMain] WARN  org.apache.tomcat.util.modeler.Registry - The MBean registry cannot be disabled because it has already been initialised
2020-09-21 15:21:25.796 [restartedMain] WARN  org.apache.tomcat.util.modeler.Registry - The MBean registry cannot be disabled because it has already been initialised
2020-09-21 15:22:26.191 [restartedMain] WARN  org.apache.tomcat.util.modeler.Registry - The MBean registry cannot be disabled because it has already been initialised
2020-09-21 15:23:43.595 [restartedMain] WARN  org.apache.tomcat.util.modeler.Registry - The MBean registry cannot be disabled because it has already been initialised
2020-09-21 15:25:13.585 [restartedMain] WARN  org.apache.tomcat.util.modeler.Registry - The MBean registry cannot be disabled because it has already been initialised
2020-09-21 15:29:02.861 [restartedMain] WARN  org.apache.tomcat.util.modeler.Registry - The MBean registry cannot be disabled because it has already been initialised
2020-09-21 15:36:43.660 [restartedMain] WARN  org.apache.tomcat.util.modeler.Registry - The MBean registry cannot be disabled because it has already been initialised
2020-09-21 15:36:43.813 [restartedMain] WARN  o.s.b.w.s.c.AnnotationConfigServletWebServerApplicationContext - Exception encountered during context initialization - cancelling refresh attempt: org.springframework.beans.factory.BeanCreationException: Error creating bean with name 'dataStatisticsController': Lookup method resolution failed; nested exception is java.lang.IllegalStateException: Failed to introspect Class [com.kiwihouse.controller.DataStatisticsController] from ClassLoader [org.springframework.boot.devtools.restart.classloader.RestartClassLoader@615a43a]
2020-09-21 15:36:52.965 [restartedMain] WARN  org.apache.tomcat.util.modeler.Registry - The MBean registry cannot be disabled because it has already been initialised
2020-09-21 15:36:59.349 [http-nio-8001-exec-5] WARN  o.s.w.s.m.m.a.ExceptionHandlerExceptionResolver - Resolved [org.springframework.jdbc.BadSqlGrammarException: 
### Error querying database.  Cause: java.sql.SQLSyntaxErrorException: Table 'devs.administrator' doesn't exist
### The error may exist in com/kiwihouse/mapper/PrivilegeMapper.java (best guess)
### The error may involve com.kiwihouse.mapper.PrivilegeMapper.isTopMg-Inline
### The error occurred while setting parameters
### SQL: select `rank` from administrator where admin_id=?
### Cause: java.sql.SQLSyntaxErrorException: Table 'devs.administrator' doesn't exist
; bad SQL grammar []; nested exception is java.sql.SQLSyntaxErrorException: Table 'devs.administrator' doesn't exist]
2020-09-21 15:37:48.686 [restartedMain] WARN  org.apache.tomcat.util.modeler.Registry - The MBean registry cannot be disabled because it has already been initialised
2020-09-21 15:38:25.736 [restartedMain] WARN  org.apache.tomcat.util.modeler.Registry - The MBean registry cannot be disabled because it has already been initialised
2020-09-21 15:39:00.591 [restartedMain] WARN  org.apache.tomcat.util.modeler.Registry - The MBean registry cannot be disabled because it has already been initialised
2020-09-21 15:39:08.975 [restartedMain] WARN  org.apache.tomcat.util.modeler.Registry - The MBean registry cannot be disabled because it has already been initialised
2020-09-21 15:39:14.701 [restartedMain] WARN  org.apache.tomcat.util.modeler.Registry - The MBean registry cannot be disabled because it has already been initialised
2020-09-21 15:39:25.031 [restartedMain] WARN  org.apache.tomcat.util.modeler.Registry - The MBean registry cannot be disabled because it has already been initialised
2020-09-21 15:39:29.820 [restartedMain] WARN  org.apache.tomcat.util.modeler.Registry - The MBean registry cannot be disabled because it has already been initialised
2020-09-21 15:39:58.830 [restartedMain] WARN  org.apache.tomcat.util.modeler.Registry - The MBean registry cannot be disabled because it has already been initialised
2020-09-21 15:40:34.515 [http-nio-8001-exec-2] WARN  o.s.w.s.m.m.a.ExceptionHandlerExceptionResolver - Resolved [org.springframework.jdbc.BadSqlGrammarException: 
### Error querying database.  Cause: java.sql.SQLSyntaxErrorException: Table 'devs.administrator' doesn't exist
### The error may exist in com/kiwihouse/mapper/PrivilegeMapper.java (best guess)
### The error may involve com.kiwihouse.mapper.PrivilegeMapper.isTopMg-Inline
### The error occurred while setting parameters
### SQL: select `rank` from administrator where admin_id=?
### Cause: java.sql.SQLSyntaxErrorException: Table 'devs.administrator' doesn't exist
; bad SQL grammar []; nested exception is java.sql.SQLSyntaxErrorException: Table 'devs.administrator' doesn't exist]
2020-09-21 15:40:47.465 [http-nio-8001-exec-5] WARN  o.s.w.s.m.m.a.ExceptionHandlerExceptionResolver - Resolved [org.springframework.jdbc.BadSqlGrammarException: 
### Error querying database.  Cause: java.sql.SQLSyntaxErrorException: Table 'devs.administrator' doesn't exist
### The error may exist in com/kiwihouse/mapper/PrivilegeMapper.java (best guess)
### The error may involve com.kiwihouse.mapper.PrivilegeMapper.isTopMg-Inline
### The error occurred while setting parameters
### SQL: select `rank` from administrator where admin_id=?
### Cause: java.sql.SQLSyntaxErrorException: Table 'devs.administrator' doesn't exist
; bad SQL grammar []; nested exception is java.sql.SQLSyntaxErrorException: Table 'devs.administrator' doesn't exist]
2020-09-21 15:41:40.836 [restartedMain] WARN  org.apache.tomcat.util.modeler.Registry - The MBean registry cannot be disabled because it has already been initialised
2020-09-21 15:48:35.191 [http-nio-8001-exec-10] WARN  o.s.w.s.m.m.a.ExceptionHandlerExceptionResolver - Resolved [org.springframework.jdbc.BadSqlGrammarException: 
### Error querying database.  Cause: java.sql.SQLSyntaxErrorException: Table 'devs.administrator' doesn't exist
### The error may exist in com/kiwihouse/mapper/PrivilegeMapper.java (best guess)
### The error may involve com.kiwihouse.mapper.PrivilegeMapper.isTopMg-Inline
### The error occurred while setting parameters
### SQL: select `rank` from administrator where admin_id=?
### Cause: java.sql.SQLSyntaxErrorException: Table 'devs.administrator' doesn't exist
; bad SQL grammar []; nested exception is java.sql.SQLSyntaxErrorException: Table 'devs.administrator' doesn't exist]
2020-09-21 15:50:03.697 [restartedMain] WARN  org.apache.tomcat.util.modeler.Registry - The MBean registry cannot be disabled because it has already been initialised
2020-09-21 15:50:04.751 [http-nio-8001-exec-2] WARN  o.s.w.s.m.m.a.ExceptionHandlerExceptionResolver - Resolved [org.mybatis.spring.MyBatisSystemException: nested exception is org.apache.ibatis.reflection.ReflectionException: There is no getter for property named 'addTime' in 'class com.kiwihouse.vo.kiwihouse.AlmQueryVo']
2020-09-21 15:50:05.725 [http-nio-8001-exec-1] WARN  o.s.w.s.m.m.a.ExceptionHandlerExceptionResolver - Resolved [org.springframework.jdbc.BadSqlGrammarException: 
### Error querying database.  Cause: java.sql.SQLSyntaxErrorException: Table 'devs.administrator' doesn't exist
### The error may exist in com/kiwihouse/mapper/PrivilegeMapper.java (best guess)
### The error may involve com.kiwihouse.mapper.PrivilegeMapper.isTopMg-Inline
### The error occurred while setting parameters
### SQL: select `rank` from administrator where admin_id=?
### Cause: java.sql.SQLSyntaxErrorException: Table 'devs.administrator' doesn't exist
; bad SQL grammar []; nested exception is java.sql.SQLSyntaxErrorException: Table 'devs.administrator' doesn't exist]
2020-09-21 15:50:05.794 [http-nio-8001-exec-6] WARN  o.s.w.s.m.m.a.ExceptionHandlerExceptionResolver - Resolved [org.mybatis.spring.MyBatisSystemException: nested exception is org.apache.ibatis.reflection.ReflectionException: There is no getter for property named 'addTime' in 'class com.kiwihouse.vo.kiwihouse.AlmQueryVo']
2020-09-21 15:50:07.948 [http-nio-8001-exec-8] WARN  o.s.w.s.m.m.a.ExceptionHandlerExceptionResolver - Resolved [org.mybatis.spring.MyBatisSystemException: nested exception is org.apache.ibatis.reflection.ReflectionException: There is no getter for property named 'addTime' in 'class com.kiwihouse.vo.kiwihouse.AlmQueryVo']
2020-09-21 15:50:10.957 [http-nio-8001-exec-3] WARN  o.s.w.s.m.m.a.ExceptionHandlerExceptionResolver - Resolved [org.mybatis.spring.MyBatisSystemException: nested exception is org.apache.ibatis.reflection.ReflectionException: There is no getter for property named 'addTime' in 'class com.kiwihouse.vo.kiwihouse.AlmQueryVo']
2020-09-21 15:50:13.962 [http-nio-8001-exec-4] WARN  o.s.w.s.m.m.a.ExceptionHandlerExceptionResolver - Resolved [org.mybatis.spring.MyBatisSystemException: nested exception is org.apache.ibatis.reflection.ReflectionException: There is no getter for property named 'addTime' in 'class com.kiwihouse.vo.kiwihouse.AlmQueryVo']
2020-09-21 15:50:16.961 [http-nio-8001-exec-2] WARN  o.s.w.s.m.m.a.ExceptionHandlerExceptionResolver - Resolved [org.mybatis.spring.MyBatisSystemException: nested exception is org.apache.ibatis.reflection.ReflectionException: There is no getter for property named 'addTime' in 'class com.kiwihouse.vo.kiwihouse.AlmQueryVo']
2020-09-21 15:50:19.950 [http-nio-8001-exec-9] WARN  o.s.w.s.m.m.a.ExceptionHandlerExceptionResolver - Resolved [org.mybatis.spring.MyBatisSystemException: nested exception is org.apache.ibatis.reflection.ReflectionException: There is no getter for property named 'addTime' in 'class com.kiwihouse.vo.kiwihouse.AlmQueryVo']
2020-09-21 15:50:22.949 [http-nio-8001-exec-5] WARN  o.s.w.s.m.m.a.ExceptionHandlerExceptionResolver - Resolved [org.mybatis.spring.MyBatisSystemException: nested exception is org.apache.ibatis.reflection.ReflectionException: There is no getter for property named 'addTime' in 'class com.kiwihouse.vo.kiwihouse.AlmQueryVo']
2020-09-21 15:50:25.949 [http-nio-8001-exec-1] WARN  o.s.w.s.m.m.a.ExceptionHandlerExceptionResolver - Resolved [org.mybatis.spring.MyBatisSystemException: nested exception is org.apache.ibatis.reflection.ReflectionException: There is no getter for property named 'addTime' in 'class com.kiwihouse.vo.kiwihouse.AlmQueryVo']
2020-09-21 15:50:28.950 [http-nio-8001-exec-7] WARN  o.s.w.s.m.m.a.ExceptionHandlerExceptionResolver - Resolved [org.mybatis.spring.MyBatisSystemException: nested exception is org.apache.ibatis.reflection.ReflectionException: There is no getter for property named 'addTime' in 'class com.kiwihouse.vo.kiwihouse.AlmQueryVo']
2020-09-21 15:50:31.951 [http-nio-8001-exec-6] WARN  o.s.w.s.m.m.a.ExceptionHandlerExceptionResolver - Resolved [org.mybatis.spring.MyBatisSystemException: nested exception is org.apache.ibatis.reflection.ReflectionException: There is no getter for property named 'addTime' in 'class com.kiwihouse.vo.kiwihouse.AlmQueryVo']
2020-09-21 15:50:34.949 [http-nio-8001-exec-10] WARN  o.s.w.s.m.m.a.ExceptionHandlerExceptionResolver - Resolved [org.mybatis.spring.MyBatisSystemException: nested exception is org.apache.ibatis.reflection.ReflectionException: There is no getter for property named 'addTime' in 'class com.kiwihouse.vo.kiwihouse.AlmQueryVo']
2020-09-21 15:50:39.437 [restartedMain] WARN  org.apache.tomcat.util.modeler.Registry - The MBean registry cannot be disabled because it has already been initialised
2020-09-21 15:51:49.963 [http-nio-8001-exec-6] WARN  o.s.w.s.m.m.a.ExceptionHandlerExceptionResolver - Resolved [org.springframework.jdbc.BadSqlGrammarException: 
### Error querying database.  Cause: java.sql.SQLSyntaxErrorException: Table 'devs.administrator' doesn't exist
### The error may exist in com/kiwihouse/mapper/PrivilegeMapper.java (best guess)
### The error may involve com.kiwihouse.mapper.PrivilegeMapper.isTopMg-Inline
### The error occurred while setting parameters
### SQL: select `rank` from administrator where admin_id=?
### Cause: java.sql.SQLSyntaxErrorException: Table 'devs.administrator' doesn't exist
; bad SQL grammar []; nested exception is java.sql.SQLSyntaxErrorException: Table 'devs.administrator' doesn't exist]
2020-09-21 16:05:45.418 [restartedMain] WARN  org.apache.tomcat.util.modeler.Registry - The MBean registry cannot be disabled because it has already been initialised
2020-09-21 16:10:10.521 [restartedMain] WARN  org.apache.tomcat.util.modeler.Registry - The MBean registry cannot be disabled because it has already been initialised
2020-09-21 16:32:05.342 [restartedMain] WARN  o.s.b.w.s.c.AnnotationConfigServletWebServerApplicationContext - Exception encountered during context initialization - cancelling refresh attempt: org.springframework.beans.factory.BeanCreationException: Error creating bean with name 'objectMapperConfigurer' defined in class path resource [springfox/documentation/spring/web/SpringfoxWebMvcConfiguration.class]: BeanPostProcessor before instantiation of bean failed; nested exception is org.springframework.beans.factory.BeanCreationException: Error creating bean with name 'org.springframework.transaction.annotation.ProxyTransactionManagementConfiguration': BeanPostProcessor before instantiation of bean failed; nested exception is org.springframework.beans.factory.BeanCreationException: Error creating bean with name 'org.springframework.cache.annotation.ProxyCachingConfiguration': BeanPostProcessor before instantiation of bean failed; nested exception is org.springframework.beans.factory.UnsatisfiedDependencyException: Error creating bean with name 'authorizationAttributeSourceAdvisor' defined in class path resource [org/apache/shiro/spring/boot/autoconfigure/ShiroAnnotationProcessorAutoConfiguration.class]: Unsatisfied dependency expressed through method 'authorizationAttributeSourceAdvisor' parameter 0; nested exception is org.springframework.beans.factory.UnsatisfiedDependencyException: Error creating bean with name 'shiroConfig': Unsatisfied dependency expressed through field 'accountProvider'; nested exception is org.springframework.beans.factory.UnsatisfiedDependencyException: Error creating bean with name 'AccountProvider': Unsatisfied dependency expressed through field 'accountService'; nested exception is org.springframework.beans.factory.UnsatisfiedDependencyException: Error creating bean with name 'AccountService': Unsatisfied dependency expressed through field 'userMapper'; nested exception is org.springframework.beans.factory.UnsatisfiedDependencyException: Error creating bean with name 'authUserMapper' defined in file [C:\Users\cmx\git\SxxGDZB-customization\serverv2\target\classes\com\kiwihouse\dao\mapper\AuthUserMapper.class]: Unsatisfied dependency expressed through bean property 'sqlSessionFactory'; nested exception is org.springframework.beans.factory.BeanCreationException: Error creating bean with name 'SqlSessionFactory' defined in class path resource [com/kiwihouse/config/database/DataSourceConfig.class]: Bean instantiation via factory method failed; nested exception is org.springframework.beans.BeanInstantiationException: Failed to instantiate [org.apache.ibatis.session.SqlSessionFactory]: Factory method 'SqlSessionFactory' threw exception; nested exception is org.springframework.core.NestedIOException: Failed to parse mapping resource: 'file [C:\Users\cmx\git\SxxGDZB-customization\serverv2\target\classes\mapper\DataStatisticsMapper.xml]'; nested exception is org.apache.ibatis.builder.BuilderException: Error creating document instance.  Cause: org.xml.sax.SAXParseException; lineNumber: 231; columnNumber: 82; 
2020-09-21 16:34:58.894 [restartedMain] WARN  o.s.b.w.s.c.AnnotationConfigServletWebServerApplicationContext - Exception encountered during context initialization - cancelling refresh attempt: org.springframework.beans.factory.BeanCreationException: Error creating bean with name 'objectMapperConfigurer' defined in class path resource [springfox/documentation/spring/web/SpringfoxWebMvcConfiguration.class]: BeanPostProcessor before instantiation of bean failed; nested exception is org.springframework.beans.factory.BeanCreationException: Error creating bean with name 'org.springframework.transaction.annotation.ProxyTransactionManagementConfiguration': BeanPostProcessor before instantiation of bean failed; nested exception is org.springframework.beans.factory.BeanCreationException: Error creating bean with name 'org.springframework.cache.annotation.ProxyCachingConfiguration': BeanPostProcessor before instantiation of bean failed; nested exception is org.springframework.beans.factory.UnsatisfiedDependencyException: Error creating bean with name 'authorizationAttributeSourceAdvisor' defined in class path resource [org/apache/shiro/spring/boot/autoconfigure/ShiroAnnotationProcessorAutoConfiguration.class]: Unsatisfied dependency expressed through method 'authorizationAttributeSourceAdvisor' parameter 0; nested exception is org.springframework.beans.factory.UnsatisfiedDependencyException: Error creating bean with name 'shiroConfig': Unsatisfied dependency expressed through field 'accountProvider'; nested exception is org.springframework.beans.factory.UnsatisfiedDependencyException: Error creating bean with name 'AccountProvider': Unsatisfied dependency expressed through field 'accountService'; nested exception is org.springframework.beans.factory.UnsatisfiedDependencyException: Error creating bean with name 'AccountService': Unsatisfied dependency expressed through field 'userMapper'; nested exception is org.springframework.beans.factory.UnsatisfiedDependencyException: Error creating bean with name 'authUserMapper' defined in file [C:\Users\cmx\git\SxxGDZB-customization\serverv2\target\classes\com\kiwihouse\dao\mapper\AuthUserMapper.class]: Unsatisfied dependency expressed through bean property 'sqlSessionFactory'; nested exception is org.springframework.beans.factory.BeanCreationException: Error creating bean with name 'SqlSessionFactory' defined in class path resource [com/kiwihouse/config/database/DataSourceConfig.class]: Bean instantiation via factory method failed; nested exception is org.springframework.beans.BeanInstantiationException: Failed to instantiate [org.apache.ibatis.session.SqlSessionFactory]: Factory method 'SqlSessionFactory' threw exception; nested exception is org.springframework.core.NestedIOException: Failed to parse mapping resource: 'file [C:\Users\cmx\git\SxxGDZB-customization\serverv2\target\classes\mapper\DataStatisticsMapper.xml]'; nested exception is org.apache.ibatis.builder.BuilderException: Error creating document instance.  Cause: org.xml.sax.SAXParseException; lineNumber: 231; columnNumber: 82; 
2020-09-21 16:36:14.880 [http-nio-8001-exec-3] WARN  o.s.w.s.m.m.a.ExceptionHandlerExceptionResolver - Resolved [org.springframework.jdbc.BadSqlGrammarException: 
### Error querying database.  Cause: java.sql.SQLSyntaxErrorException: Table 'devs.administrator' doesn't exist
### The error may exist in com/kiwihouse/mapper/PrivilegeMapper.java (best guess)
### The error may involve com.kiwihouse.mapper.PrivilegeMapper.isTopMg-Inline
### The error occurred while setting parameters
### SQL: select `rank` from administrator where admin_id=?
### Cause: java.sql.SQLSyntaxErrorException: Table 'devs.administrator' doesn't exist
; bad SQL grammar []; nested exception is java.sql.SQLSyntaxErrorException: Table 'devs.administrator' doesn't exist]
2020-09-21 16:36:55.139 [restartedMain] WARN  org.apache.tomcat.util.modeler.Registry - The MBean registry cannot be disabled because it has already been initialised
2020-09-21 16:41:33.935 [restartedMain] WARN  org.apache.tomcat.util.modeler.Registry - The MBean registry cannot be disabled because it has already been initialised
2020-09-21 16:45:36.271 [restartedMain] WARN  org.apache.tomcat.util.modeler.Registry - The MBean registry cannot be disabled because it has already been initialised
2020-09-21 16:46:00.061 [restartedMain] WARN  org.apache.tomcat.util.modeler.Registry - The MBean registry cannot be disabled because it has already been initialised
2020-09-21 16:46:22.528 [restartedMain] WARN  org.apache.tomcat.util.modeler.Registry - The MBean registry cannot be disabled because it has already been initialised
2020-09-21 16:46:43.875 [restartedMain] WARN  org.apache.tomcat.util.modeler.Registry - The MBean registry cannot be disabled because it has already been initialised
2020-09-21 16:46:59.666 [restartedMain] WARN  org.apache.tomcat.util.modeler.Registry - The MBean registry cannot be disabled because it has already been initialised
2020-09-21 16:47:14.260 [restartedMain] WARN  org.apache.tomcat.util.modeler.Registry - The MBean registry cannot be disabled because it has already been initialised
2020-09-21 16:48:57.198 [restartedMain] WARN  org.apache.tomcat.util.modeler.Registry - The MBean registry cannot be disabled because it has already been initialised
2020-09-21 16:49:38.556 [restartedMain] WARN  org.apache.tomcat.util.modeler.Registry - The MBean registry cannot be disabled because it has already been initialised
2020-09-21 16:49:53.299 [restartedMain] WARN  org.apache.tomcat.util.modeler.Registry - The MBean registry cannot be disabled because it has already been initialised
2020-09-21 16:50:06.266 [restartedMain] WARN  org.apache.tomcat.util.modeler.Registry - The MBean registry cannot be disabled because it has already been initialised
2020-09-21 16:53:58.108 [restartedMain] WARN  org.apache.tomcat.util.modeler.Registry - The MBean registry cannot be disabled because it has already been initialised
2020-09-21 16:54:23.560 [restartedMain] WARN  org.apache.tomcat.util.modeler.Registry - The MBean registry cannot be disabled because it has already been initialised
2020-09-21 16:55:12.015 [restartedMain] WARN  org.apache.tomcat.util.modeler.Registry - The MBean registry cannot be disabled because it has already been initialised
2020-09-21 17:07:53.151 [restartedMain] WARN  org.apache.tomcat.util.modeler.Registry - The MBean registry cannot be disabled because it has already been initialised
2020-09-21 17:08:31.845 [restartedMain] WARN  org.apache.tomcat.util.modeler.Registry - The MBean registry cannot be disabled because it has already been initialised
2020-09-21 17:09:04.518 [restartedMain] WARN  org.apache.tomcat.util.modeler.Registry - The MBean registry cannot be disabled because it has already been initialised
2020-09-21 17:09:24.042 [restartedMain] WARN  org.apache.tomcat.util.modeler.Registry - The MBean registry cannot be disabled because it has already been initialised
2020-09-21 17:10:05.915 [restartedMain] WARN  org.apache.tomcat.util.modeler.Registry - The MBean registry cannot be disabled because it has already been initialised
2020-09-21 17:23:28.451 [restartedMain] WARN  org.apache.tomcat.util.modeler.Registry - The MBean registry cannot be disabled because it has already been initialised
2020-09-21 17:36:01.675 [restartedMain] WARN  org.apache.tomcat.util.modeler.Registry - The MBean registry cannot be disabled because it has already been initialised
2020-09-21 17:36:25.931 [restartedMain] WARN  org.apache.tomcat.util.modeler.Registry - The MBean registry cannot be disabled because it has already been initialised
2020-09-21 17:38:17.955 [restartedMain] WARN  org.apache.tomcat.util.modeler.Registry - The MBean registry cannot be disabled because it has already been initialised
2020-09-21 17:40:43.441 [restartedMain] WARN  org.apache.tomcat.util.modeler.Registry - The MBean registry cannot be disabled because it has already been initialised
2020-09-21 17:40:55.914 [restartedMain] WARN  org.apache.tomcat.util.modeler.Registry - The MBean registry cannot be disabled because it has already been initialised
2020-09-21 17:43:30.643 [restartedMain] WARN  org.apache.tomcat.util.modeler.Registry - The MBean registry cannot be disabled because it has already been initialised
2020-09-21 17:46:28.419 [restartedMain] WARN  org.apache.tomcat.util.modeler.Registry - The MBean registry cannot be disabled because it has already been initialised
2020-09-21 17:46:45.805 [restartedMain] WARN  org.apache.tomcat.util.modeler.Registry - The MBean registry cannot be disabled because it has already been initialised
2020-09-21 17:49:09.386 [restartedMain] WARN  org.apache.tomcat.util.modeler.Registry - The MBean registry cannot be disabled because it has already been initialised
2020-09-21 17:49:25.559 [restartedMain] WARN  org.apache.tomcat.util.modeler.Registry - The MBean registry cannot be disabled because it has already been initialised
2020-09-21 17:51:33.188 [restartedMain] WARN  org.apache.tomcat.util.modeler.Registry - The MBean registry cannot be disabled because it has already been initialised
2020-09-21 17:52:26.553 [restartedMain] WARN  org.apache.tomcat.util.modeler.Registry - The MBean registry cannot be disabled because it has already been initialised
2020-09-21 17:53:47.604 [restartedMain] WARN  org.apache.tomcat.util.modeler.Registry - The MBean registry cannot be disabled because it has already been initialised
2020-09-21 18:02:19.966 [restartedMain] WARN  org.apache.tomcat.util.modeler.Registry - The MBean registry cannot be disabled because it has already been initialised
2020-09-21 18:34:42.839 [restartedMain] WARN  org.apache.tomcat.util.modeler.Registry - The MBean registry cannot be disabled because it has already been initialised
